13:57:34,992 |-INFO in ch.qos.logback.classic.LoggerContext[default] - This is logback-classic version 1.4.14
13:57:35,000 |-INFO in ch.qos.logback.classic.util.ContextInitializer@12bfd80d - Here is a list of configurators discovered as a service, by rank: 
13:57:35,000 |-INFO in ch.qos.logback.classic.util.ContextInitializer@12bfd80d -   org.springframework.boot.logging.logback.RootLogLevelConfigurator
13:57:35,000 |-INFO in ch.qos.logback.classic.util.ContextInitializer@12bfd80d - They will be invoked in order until ExecutionStatus.DO_NOT_INVOKE_NEXT_IF_ANY is returned.
13:57:35,000 |-INFO in ch.qos.logback.classic.util.ContextInitializer@12bfd80d - Constructed configurator of type class org.springframework.boot.logging.logback.RootLogLevelConfigurator
13:57:35,011 |-INFO in ch.qos.logback.classic.util.ContextInitializer@12bfd80d - org.springframework.boot.logging.logback.RootLogLevelConfigurator.configure() call lasted 1 milliseconds. ExecutionStatus=INVOKE_NEXT_IF_ANY
13:57:35,011 |-INFO in ch.qos.logback.classic.util.ContextInitializer@12bfd80d - Trying to configure with ch.qos.logback.classic.joran.SerializedModelConfigurator
13:57:35,012 |-INFO in ch.qos.logback.classic.util.ContextInitializer@12bfd80d - Constructed configurator of type class ch.qos.logback.classic.joran.SerializedModelConfigurator
13:57:35,014 |-INFO in ch.qos.logback.classic.LoggerContext[default] - Could NOT find resource [logback-test.scmo]
13:57:35,016 |-INFO in ch.qos.logback.classic.LoggerContext[default] - Could NOT find resource [logback.scmo]
13:57:35,016 |-INFO in ch.qos.logback.classic.util.ContextInitializer@12bfd80d - ch.qos.logback.classic.joran.SerializedModelConfigurator.configure() call lasted 4 milliseconds. ExecutionStatus=INVOKE_NEXT_IF_ANY
13:57:35,016 |-INFO in ch.qos.logback.classic.util.ContextInitializer@12bfd80d - Trying to configure with ch.qos.logback.classic.util.DefaultJoranConfigurator
13:57:35,016 |-INFO in ch.qos.logback.classic.util.ContextInitializer@12bfd80d - Constructed configurator of type class ch.qos.logback.classic.util.DefaultJoranConfigurator
13:57:35,018 |-INFO in ch.qos.logback.classic.LoggerContext[default] - Could NOT find resource [logback-test.xml]
13:57:35,019 |-INFO in ch.qos.logback.classic.LoggerContext[default] - Could NOT find resource [logback.xml]
13:57:35,019 |-INFO in ch.qos.logback.classic.util.ContextInitializer@12bfd80d - ch.qos.logback.classic.util.DefaultJoranConfigurator.configure() call lasted 3 milliseconds. ExecutionStatus=INVOKE_NEXT_IF_ANY
13:57:35,019 |-INFO in ch.qos.logback.classic.util.ContextInitializer@12bfd80d - Trying to configure with ch.qos.logback.classic.BasicConfigurator
13:57:35,023 |-INFO in ch.qos.logback.classic.util.ContextInitializer@12bfd80d - Constructed configurator of type class ch.qos.logback.classic.BasicConfigurator
13:57:35,023 |-INFO in ch.qos.logback.classic.BasicConfigurator@41925502 - Setting up default configuration.
13:57:35,049 |-INFO in ch.qos.logback.classic.util.ContextInitializer@12bfd80d - ch.qos.logback.classic.BasicConfigurator.configure() call lasted 26 milliseconds. ExecutionStatus=NEUTRAL
13:57:36,500 |-INFO in ch.qos.logback.core.joran.util.ConfigurationWatchListUtil@13e3c1c7 - Adding [jar:file:/home/icon/.m2/repository/org/springframework/boot/spring-boot/3.2.1/spring-boot-3.2.1.jar!/org/springframework/boot/logging/logback/defaults.xml] to configuration watch list.
13:57:36,500 |-INFO in ch.qos.logback.core.joran.spi.ConfigurationWatchList@5316e95f - URL [jar:file:/home/icon/.m2/repository/org/springframework/boot/spring-boot/3.2.1/spring-boot-3.2.1.jar!/org/springframework/boot/logging/logback/defaults.xml] is not of type file
13:57:36,502 |-INFO in ch.qos.logback.core.joran.action.ConversionRuleAction - registering conversion word clr with class [org.springframework.boot.logging.logback.ColorConverter]
13:57:36,502 |-INFO in ch.qos.logback.core.joran.action.ConversionRuleAction - registering conversion word correlationId with class [org.springframework.boot.logging.logback.CorrelationIdConverter]
13:57:36,503 |-INFO in ch.qos.logback.core.joran.action.ConversionRuleAction - registering conversion word wex with class [org.springframework.boot.logging.logback.WhitespaceThrowableProxyConverter]
13:57:36,503 |-INFO in ch.qos.logback.core.joran.action.ConversionRuleAction - registering conversion word wEx with class [org.springframework.boot.logging.logback.ExtendedWhitespaceThrowableProxyConverter]
13:57:36,515 |-WARN in org.springframework.boot.logging.logback.SpringProfileIfNestedWithinSecondPhaseElementSanityChecker@3f053c80 - <springProfile> elements cannot be nested within an <appender>, <logger> or <root> element
13:57:36,516 |-WARN in org.springframework.boot.logging.logback.SpringProfileIfNestedWithinSecondPhaseElementSanityChecker@3f053c80 - Element <appender> at line 24 contains a nested <springProfile> element at line 26
13:57:36,516 |-WARN in org.springframework.boot.logging.logback.SpringProfileIfNestedWithinSecondPhaseElementSanityChecker@3f053c80 - Element <appender> at line 24 contains a nested <springProfile> element at line 29
13:57:36,516 |-WARN in org.springframework.boot.logging.logback.SpringProfileIfNestedWithinSecondPhaseElementSanityChecker@3f053c80 - Element <logger> at line 212 contains a nested <springProfile> element at line 214
13:57:36,516 |-WARN in org.springframework.boot.logging.logback.SpringProfileIfNestedWithinSecondPhaseElementSanityChecker@3f053c80 - Element <logger> at line 220 contains a nested <springProfile> element at line 222
13:57:36,516 |-WARN in org.springframework.boot.logging.logback.SpringProfileIfNestedWithinSecondPhaseElementSanityChecker@3f053c80 - Element <logger> at line 228 contains a nested <springProfile> element at line 230
13:57:36,516 |-WARN in org.springframework.boot.logging.logback.SpringProfileIfNestedWithinSecondPhaseElementSanityChecker@3f053c80 - Element <logger> at line 236 contains a nested <springProfile> element at line 238
13:57:36,516 |-WARN in org.springframework.boot.logging.logback.SpringProfileIfNestedWithinSecondPhaseElementSanityChecker@3f053c80 - Element <logger> at line 244 contains a nested <springProfile> element at line 246
13:57:36,516 |-WARN in org.springframework.boot.logging.logback.SpringProfileIfNestedWithinSecondPhaseElementSanityChecker@3f053c80 - Element <logger> at line 252 contains a nested <springProfile> element at line 254
13:57:36,516 |-WARN in org.springframework.boot.logging.logback.SpringProfileIfNestedWithinSecondPhaseElementSanityChecker@3f053c80 - Element <logger> at line 260 contains a nested <springProfile> element at line 262
13:57:36,516 |-WARN in org.springframework.boot.logging.logback.SpringProfileIfNestedWithinSecondPhaseElementSanityChecker@3f053c80 - Element <logger> at line 268 contains a nested <springProfile> element at line 270
13:57:36,516 |-WARN in org.springframework.boot.logging.logback.SpringProfileIfNestedWithinSecondPhaseElementSanityChecker@3f053c80 - Element <logger> at line 276 contains a nested <springProfile> element at line 278
13:57:36,516 |-WARN in org.springframework.boot.logging.logback.SpringProfileIfNestedWithinSecondPhaseElementSanityChecker@3f053c80 - Element <logger> at line 284 contains a nested <springProfile> element at line 286
13:57:36,516 |-WARN in org.springframework.boot.logging.logback.SpringProfileIfNestedWithinSecondPhaseElementSanityChecker@3f053c80 - Element <logger> at line 292 contains a nested <springProfile> element at line 294
13:57:36,516 |-WARN in org.springframework.boot.logging.logback.SpringProfileIfNestedWithinSecondPhaseElementSanityChecker@3f053c80 - Element <logger> at line 300 contains a nested <springProfile> element at line 302
13:57:36,582 |-INFO in ch.qos.logback.classic.model.processor.ConfigurationModelHandlerFull - Registering a new ReconfigureOnChangeTask ReconfigureOnChangeTask(born:1756792656581)
13:57:36,582 |-INFO in ch.qos.logback.classic.model.processor.ConfigurationModelHandlerFull - Will scan for changes in [file:/mnt/e/FxxkLC/target/classes/logback-spring.xml] 
13:57:36,582 |-INFO in ch.qos.logback.classic.model.processor.ConfigurationModelHandlerFull - Setting ReconfigureOnChangeTask scanning period to 1 minutes
13:57:36,590 |-INFO in ch.qos.logback.classic.model.processor.LoggerModelHandler - Setting level of logger [org.apache.catalina.startup.DigesterFactory] to ERROR
13:57:36,590 |-INFO in ch.qos.logback.classic.jul.LevelChangePropagator@6c6c5427 - Propagating ERROR level on Logger[org.apache.catalina.startup.DigesterFactory] onto the JUL framework
13:57:36,591 |-INFO in ch.qos.logback.classic.model.processor.LoggerModelHandler - Setting level of logger [org.apache.catalina.util.LifecycleBase] to ERROR
13:57:36,591 |-INFO in ch.qos.logback.classic.jul.LevelChangePropagator@6c6c5427 - Propagating ERROR level on Logger[org.apache.catalina.util.LifecycleBase] onto the JUL framework
13:57:36,591 |-INFO in ch.qos.logback.classic.model.processor.LoggerModelHandler - Setting level of logger [org.apache.coyote.http11.Http11NioProtocol] to WARN
13:57:36,591 |-INFO in ch.qos.logback.classic.jul.LevelChangePropagator@6c6c5427 - Propagating WARN level on Logger[org.apache.coyote.http11.Http11NioProtocol] onto the JUL framework
13:57:36,591 |-INFO in ch.qos.logback.classic.model.processor.LoggerModelHandler - Setting level of logger [org.apache.sshd.common.util.SecurityUtils] to WARN
13:57:36,591 |-INFO in ch.qos.logback.classic.jul.LevelChangePropagator@6c6c5427 - Propagating WARN level on Logger[org.apache.sshd.common.util.SecurityUtils] onto the JUL framework
13:57:36,591 |-INFO in ch.qos.logback.classic.model.processor.LoggerModelHandler - Setting level of logger [org.apache.tomcat.util.net.NioSelectorPool] to WARN
13:57:36,591 |-INFO in ch.qos.logback.classic.jul.LevelChangePropagator@6c6c5427 - Propagating WARN level on Logger[org.apache.tomcat.util.net.NioSelectorPool] onto the JUL framework
13:57:36,591 |-INFO in ch.qos.logback.classic.model.processor.LoggerModelHandler - Setting level of logger [org.eclipse.jetty.util.component.AbstractLifeCycle] to ERROR
13:57:36,591 |-INFO in ch.qos.logback.classic.jul.LevelChangePropagator@6c6c5427 - Propagating ERROR level on Logger[org.eclipse.jetty.util.component.AbstractLifeCycle] onto the JUL framework
13:57:36,591 |-INFO in ch.qos.logback.classic.model.processor.LoggerModelHandler - Setting level of logger [org.hibernate.validator.internal.util.Version] to WARN
13:57:36,591 |-INFO in ch.qos.logback.classic.jul.LevelChangePropagator@6c6c5427 - Propagating WARN level on Logger[org.hibernate.validator.internal.util.Version] onto the JUL framework
13:57:36,591 |-INFO in ch.qos.logback.classic.model.processor.LoggerModelHandler - Setting level of logger [org.springframework.boot.actuate.endpoint.jmx] to WARN
13:57:36,591 |-INFO in ch.qos.logback.classic.jul.LevelChangePropagator@6c6c5427 - Propagating WARN level on Logger[org.springframework.boot.actuate.endpoint.jmx] onto the JUL framework
13:57:36,591 |-INFO in ch.qos.logback.core.model.processor.AppenderModelHandler - Processing appender named [CONSOLE]
13:57:36,591 |-INFO in ch.qos.logback.core.model.processor.AppenderModelHandler - About to instantiate appender of type [ch.qos.logback.core.ConsoleAppender]
13:57:36,650 |-INFO in ch.qos.logback.core.model.processor.AppenderModelHandler - Processing appender named [FILE]
13:57:36,650 |-INFO in ch.qos.logback.core.model.processor.AppenderModelHandler - About to instantiate appender of type [ch.qos.logback.core.rolling.RollingFileAppender]
13:57:36,669 |-INFO in c.q.l.core.rolling.TimeBasedRollingPolicy@1636588948 - setting totalSizeCap to 5 GB
13:57:36,673 |-INFO in c.q.l.core.rolling.TimeBasedRollingPolicy@1636588948 - No compression will be used
13:57:36,675 |-INFO in c.q.l.core.rolling.TimeBasedRollingPolicy@1636588948 - Will use the pattern ./logs/codetop-fsrs.%d{yyyy-MM-dd}.%i.log for the active file
13:57:36,691 |-INFO in ch.qos.logback.core.rolling.SizeAndTimeBasedFNATP@5b40ceb - The date pattern is 'yyyy-MM-dd' from file name pattern './logs/codetop-fsrs.%d{yyyy-MM-dd}.%i.log'.
13:57:36,691 |-INFO in ch.qos.logback.core.rolling.SizeAndTimeBasedFNATP@5b40ceb - Roll-over at midnight.
13:57:36,695 |-INFO in ch.qos.logback.core.rolling.SizeAndTimeBasedFNATP@5b40ceb - Setting initial period to 2025-09-02T05:48:49.695Z
13:57:36,696 |-WARN in ch.qos.logback.core.rolling.SizeAndTimeBasedFNATP@5b40ceb - SizeAndTimeBasedFNATP is deprecated. Use SizeAndTimeBasedRollingPolicy instead
13:57:36,696 |-WARN in ch.qos.logback.core.rolling.SizeAndTimeBasedFNATP@5b40ceb - For more information see http://logback.qos.ch/manual/appenders.html#SizeAndTimeBasedRollingPolicy
13:57:36,703 |-INFO in ch.qos.logback.core.rolling.RollingFileAppender[FILE] - Active log file name: ./logs/codetop-fsrs.log
13:57:36,703 |-INFO in ch.qos.logback.core.rolling.RollingFileAppender[FILE] - File property is set to [./logs/codetop-fsrs.log]
13:57:36,705 |-INFO in ch.qos.logback.core.model.processor.AppenderModelHandler - Processing appender named [ERROR_FILE]
13:57:36,705 |-INFO in ch.qos.logback.core.model.processor.AppenderModelHandler - About to instantiate appender of type [ch.qos.logback.core.rolling.RollingFileAppender]
13:57:36,708 |-INFO in c.q.l.core.rolling.TimeBasedRollingPolicy@331596257 - setting totalSizeCap to 2 GB
13:57:36,708 |-INFO in c.q.l.core.rolling.TimeBasedRollingPolicy@331596257 - No compression will be used
13:57:36,708 |-INFO in c.q.l.core.rolling.TimeBasedRollingPolicy@331596257 - Will use the pattern ./logs/codetop-fsrs-error.%d{yyyy-MM-dd}.%i.log for the active file
13:57:36,708 |-INFO in ch.qos.logback.core.rolling.SizeAndTimeBasedFNATP@1d8062d2 - The date pattern is 'yyyy-MM-dd' from file name pattern './logs/codetop-fsrs-error.%d{yyyy-MM-dd}.%i.log'.
13:57:36,708 |-INFO in ch.qos.logback.core.rolling.SizeAndTimeBasedFNATP@1d8062d2 - Roll-over at midnight.
13:57:36,709 |-INFO in ch.qos.logback.core.rolling.SizeAndTimeBasedFNATP@1d8062d2 - Setting initial period to 2025-09-02T05:48:49.641Z
13:57:36,710 |-WARN in ch.qos.logback.core.rolling.SizeAndTimeBasedFNATP@1d8062d2 - SizeAndTimeBasedFNATP is deprecated. Use SizeAndTimeBasedRollingPolicy instead
13:57:36,710 |-WARN in ch.qos.logback.core.rolling.SizeAndTimeBasedFNATP@1d8062d2 - For more information see http://logback.qos.ch/manual/appenders.html#SizeAndTimeBasedRollingPolicy
13:57:36,711 |-INFO in ch.qos.logback.core.rolling.RollingFileAppender[ERROR_FILE] - Active log file name: ./logs/codetop-fsrs-error.log
13:57:36,711 |-INFO in ch.qos.logback.core.rolling.RollingFileAppender[ERROR_FILE] - File property is set to [./logs/codetop-fsrs-error.log]
13:57:36,711 |-INFO in ch.qos.logback.core.model.processor.AppenderModelHandler - Processing appender named [SQL_FILE]
13:57:36,711 |-INFO in ch.qos.logback.core.model.processor.AppenderModelHandler - About to instantiate appender of type [ch.qos.logback.core.rolling.RollingFileAppender]
13:57:36,712 |-INFO in c.q.l.core.rolling.TimeBasedRollingPolicy@509864971 - setting totalSizeCap to 2 GB
13:57:36,713 |-INFO in c.q.l.core.rolling.TimeBasedRollingPolicy@509864971 - No compression will be used
13:57:36,713 |-INFO in c.q.l.core.rolling.TimeBasedRollingPolicy@509864971 - Will use the pattern ./logs/codetop-fsrs-sql.%d{yyyy-MM-dd}.%i.log for the active file
13:57:36,713 |-INFO in ch.qos.logback.core.rolling.SizeAndTimeBasedFNATP@3b956878 - The date pattern is 'yyyy-MM-dd' from file name pattern './logs/codetop-fsrs-sql.%d{yyyy-MM-dd}.%i.log'.
13:57:36,713 |-INFO in ch.qos.logback.core.rolling.SizeAndTimeBasedFNATP@3b956878 - Roll-over at midnight.
13:57:36,714 |-INFO in ch.qos.logback.core.rolling.SizeAndTimeBasedFNATP@3b956878 - Setting initial period to 2025-09-02T05:48:25.688Z
13:57:36,715 |-WARN in ch.qos.logback.core.rolling.SizeAndTimeBasedFNATP@3b956878 - SizeAndTimeBasedFNATP is deprecated. Use SizeAndTimeBasedRollingPolicy instead
13:57:36,715 |-WARN in ch.qos.logback.core.rolling.SizeAndTimeBasedFNATP@3b956878 - For more information see http://logback.qos.ch/manual/appenders.html#SizeAndTimeBasedRollingPolicy
13:57:36,716 |-INFO in ch.qos.logback.core.rolling.RollingFileAppender[SQL_FILE] - Active log file name: ./logs/codetop-fsrs-sql.log
13:57:36,716 |-INFO in ch.qos.logback.core.rolling.RollingFileAppender[SQL_FILE] - File property is set to [./logs/codetop-fsrs-sql.log]
13:57:36,716 |-INFO in ch.qos.logback.core.model.processor.AppenderModelHandler - Processing appender named [SECURITY_FILE]
13:57:36,716 |-INFO in ch.qos.logback.core.model.processor.AppenderModelHandler - About to instantiate appender of type [ch.qos.logback.core.rolling.RollingFileAppender]
13:57:36,717 |-INFO in c.q.l.core.rolling.TimeBasedRollingPolicy@911501858 - setting totalSizeCap to 3 GB
13:57:36,717 |-INFO in c.q.l.core.rolling.TimeBasedRollingPolicy@911501858 - No compression will be used
13:57:36,717 |-INFO in c.q.l.core.rolling.TimeBasedRollingPolicy@911501858 - Will use the pattern ./logs/codetop-fsrs-security.%d{yyyy-MM-dd}.%i.log for the active file
13:57:36,718 |-INFO in ch.qos.logback.core.rolling.SizeAndTimeBasedFNATP@285c08c8 - The date pattern is 'yyyy-MM-dd' from file name pattern './logs/codetop-fsrs-security.%d{yyyy-MM-dd}.%i.log'.
13:57:36,718 |-INFO in ch.qos.logback.core.rolling.SizeAndTimeBasedFNATP@285c08c8 - Roll-over at midnight.
13:57:36,719 |-INFO in ch.qos.logback.core.rolling.SizeAndTimeBasedFNATP@285c08c8 - Setting initial period to 2025-09-02T05:33:27.826Z
13:57:36,719 |-WARN in ch.qos.logback.core.rolling.SizeAndTimeBasedFNATP@285c08c8 - SizeAndTimeBasedFNATP is deprecated. Use SizeAndTimeBasedRollingPolicy instead
13:57:36,719 |-WARN in ch.qos.logback.core.rolling.SizeAndTimeBasedFNATP@285c08c8 - For more information see http://logback.qos.ch/manual/appenders.html#SizeAndTimeBasedRollingPolicy
13:57:36,720 |-INFO in ch.qos.logback.core.rolling.RollingFileAppender[SECURITY_FILE] - Active log file name: ./logs/codetop-fsrs-security.log
13:57:36,720 |-INFO in ch.qos.logback.core.rolling.RollingFileAppender[SECURITY_FILE] - File property is set to [./logs/codetop-fsrs-security.log]
13:57:36,721 |-INFO in ch.qos.logback.core.model.processor.AppenderModelHandler - Processing appender named [BUSINESS_FILE]
13:57:36,721 |-INFO in ch.qos.logback.core.model.processor.AppenderModelHandler - About to instantiate appender of type [ch.qos.logback.core.rolling.RollingFileAppender]
13:57:36,722 |-INFO in c.q.l.core.rolling.TimeBasedRollingPolicy@694069884 - setting totalSizeCap to 5 GB
13:57:36,722 |-INFO in c.q.l.core.rolling.TimeBasedRollingPolicy@694069884 - No compression will be used
13:57:36,722 |-INFO in c.q.l.core.rolling.TimeBasedRollingPolicy@694069884 - Will use the pattern ./logs/codetop-fsrs-business.%d{yyyy-MM-dd}.%i.log for the active file
13:57:36,723 |-INFO in ch.qos.logback.core.rolling.SizeAndTimeBasedFNATP@3918c187 - The date pattern is 'yyyy-MM-dd' from file name pattern './logs/codetop-fsrs-business.%d{yyyy-MM-dd}.%i.log'.
13:57:36,723 |-INFO in ch.qos.logback.core.rolling.SizeAndTimeBasedFNATP@3918c187 - Roll-over at midnight.
13:57:36,724 |-INFO in ch.qos.logback.core.rolling.SizeAndTimeBasedFNATP@3918c187 - Setting initial period to 2025-09-02T05:48:49.687Z
13:57:36,724 |-WARN in ch.qos.logback.core.rolling.SizeAndTimeBasedFNATP@3918c187 - SizeAndTimeBasedFNATP is deprecated. Use SizeAndTimeBasedRollingPolicy instead
13:57:36,724 |-WARN in ch.qos.logback.core.rolling.SizeAndTimeBasedFNATP@3918c187 - For more information see http://logback.qos.ch/manual/appenders.html#SizeAndTimeBasedRollingPolicy
13:57:36,725 |-INFO in ch.qos.logback.core.rolling.RollingFileAppender[BUSINESS_FILE] - Active log file name: ./logs/codetop-fsrs-business.log
13:57:36,725 |-INFO in ch.qos.logback.core.rolling.RollingFileAppender[BUSINESS_FILE] - File property is set to [./logs/codetop-fsrs-business.log]
13:57:36,725 |-INFO in ch.qos.logback.core.model.processor.AppenderModelHandler - Processing appender named [ASYNC_FILE]
13:57:36,725 |-INFO in ch.qos.logback.core.model.processor.AppenderModelHandler - About to instantiate appender of type [ch.qos.logback.classic.AsyncAppender]
13:57:36,728 |-INFO in ch.qos.logback.core.model.processor.AppenderRefModelHandler - Attaching appender named [FILE] to ch.qos.logback.classic.AsyncAppender[ASYNC_FILE]
13:57:36,728 |-INFO in ch.qos.logback.classic.AsyncAppender[ASYNC_FILE] - Attaching appender named [FILE] to AsyncAppender.
13:57:36,730 |-INFO in ch.qos.logback.classic.AsyncAppender[ASYNC_FILE] - Setting discardingThreshold to 820
13:57:36,730 |-INFO in ch.qos.logback.core.model.processor.AppenderModelHandler - Processing appender named [ASYNC_ERROR_FILE]
13:57:36,730 |-INFO in ch.qos.logback.core.model.processor.AppenderModelHandler - About to instantiate appender of type [ch.qos.logback.classic.AsyncAppender]
13:57:36,730 |-INFO in ch.qos.logback.core.model.processor.AppenderRefModelHandler - Attaching appender named [ERROR_FILE] to ch.qos.logback.classic.AsyncAppender[ASYNC_ERROR_FILE]
13:57:36,730 |-INFO in ch.qos.logback.classic.AsyncAppender[ASYNC_ERROR_FILE] - Attaching appender named [ERROR_FILE] to AsyncAppender.
13:57:36,730 |-INFO in ch.qos.logback.classic.AsyncAppender[ASYNC_ERROR_FILE] - Setting discardingThreshold to 410
13:57:36,730 |-INFO in ch.qos.logback.core.model.processor.AppenderModelHandler - Processing appender named [ASYNC_BUSINESS_FILE]
13:57:36,730 |-INFO in ch.qos.logback.core.model.processor.AppenderModelHandler - About to instantiate appender of type [ch.qos.logback.classic.AsyncAppender]
13:57:36,730 |-INFO in ch.qos.logback.core.model.processor.AppenderRefModelHandler - Attaching appender named [BUSINESS_FILE] to ch.qos.logback.classic.AsyncAppender[ASYNC_BUSINESS_FILE]
13:57:36,730 |-INFO in ch.qos.logback.classic.AsyncAppender[ASYNC_BUSINESS_FILE] - Attaching appender named [BUSINESS_FILE] to AsyncAppender.
13:57:36,730 |-INFO in ch.qos.logback.classic.AsyncAppender[ASYNC_BUSINESS_FILE] - Setting discardingThreshold to 410
13:57:36,731 |-INFO in ch.qos.logback.core.model.processor.AppenderModelHandler - Processing appender named [ASYNC_SECURITY_FILE]
13:57:36,731 |-INFO in ch.qos.logback.core.model.processor.AppenderModelHandler - About to instantiate appender of type [ch.qos.logback.classic.AsyncAppender]
13:57:36,731 |-INFO in ch.qos.logback.core.model.processor.AppenderRefModelHandler - Attaching appender named [SECURITY_FILE] to ch.qos.logback.classic.AsyncAppender[ASYNC_SECURITY_FILE]
13:57:36,731 |-INFO in ch.qos.logback.classic.AsyncAppender[ASYNC_SECURITY_FILE] - Attaching appender named [SECURITY_FILE] to AsyncAppender.
13:57:36,731 |-INFO in ch.qos.logback.classic.AsyncAppender[ASYNC_SECURITY_FILE] - Setting discardingThreshold to 205
13:57:36,731 |-INFO in ch.qos.logback.core.model.processor.AppenderModelHandler - Processing appender named [ASYNC_SQL_FILE]
13:57:36,731 |-INFO in ch.qos.logback.core.model.processor.AppenderModelHandler - About to instantiate appender of type [ch.qos.logback.classic.AsyncAppender]
13:57:36,731 |-INFO in ch.qos.logback.core.model.processor.AppenderRefModelHandler - Attaching appender named [SQL_FILE] to ch.qos.logback.classic.AsyncAppender[ASYNC_SQL_FILE]
13:57:36,731 |-INFO in ch.qos.logback.classic.AsyncAppender[ASYNC_SQL_FILE] - Attaching appender named [SQL_FILE] to AsyncAppender.
13:57:36,731 |-INFO in ch.qos.logback.classic.AsyncAppender[ASYNC_SQL_FILE] - Setting discardingThreshold to 410
13:57:36,731 |-INFO in ch.qos.logback.classic.model.processor.LoggerModelHandler - Setting level of logger [com.codetop.mapper] to DEBUG
13:57:36,731 |-INFO in ch.qos.logback.classic.jul.LevelChangePropagator@6c6c5427 - Propagating DEBUG level on Logger[com.codetop.mapper] onto the JUL framework
13:57:36,733 |-INFO in ch.qos.logback.classic.model.processor.LoggerModelHandler - Setting additivity of logger [com.codetop.mapper] to false
13:57:36,733 |-INFO in ch.qos.logback.core.model.processor.AppenderRefModelHandler - Attaching appender named [ASYNC_SQL_FILE] to Logger[com.codetop.mapper]
13:57:36,733 |-INFO in ch.qos.logback.core.model.processor.AppenderRefModelHandler - Attaching appender named [CONSOLE] to Logger[com.codetop.mapper]
13:57:36,733 |-INFO in ch.qos.logback.classic.model.processor.LoggerModelHandler - Setting level of logger [org.apache.ibatis] to DEBUG
13:57:36,733 |-INFO in ch.qos.logback.classic.jul.LevelChangePropagator@6c6c5427 - Propagating DEBUG level on Logger[org.apache.ibatis] onto the JUL framework
13:57:36,733 |-INFO in ch.qos.logback.classic.model.processor.LoggerModelHandler - Setting additivity of logger [org.apache.ibatis] to false
13:57:36,733 |-INFO in ch.qos.logback.core.model.processor.AppenderRefModelHandler - Attaching appender named [ASYNC_SQL_FILE] to Logger[org.apache.ibatis]
13:57:36,733 |-INFO in ch.qos.logback.core.model.processor.AppenderRefModelHandler - Attaching appender named [CONSOLE] to Logger[org.apache.ibatis]
13:57:36,733 |-INFO in ch.qos.logback.classic.model.processor.LoggerModelHandler - Setting level of logger [com.codetop.security] to INFO
13:57:36,733 |-INFO in ch.qos.logback.classic.jul.LevelChangePropagator@6c6c5427 - Propagating INFO level on Logger[com.codetop.security] onto the JUL framework
13:57:36,733 |-INFO in ch.qos.logback.classic.model.processor.LoggerModelHandler - Setting additivity of logger [com.codetop.security] to false
13:57:36,733 |-INFO in ch.qos.logback.core.model.processor.AppenderRefModelHandler - Attaching appender named [ASYNC_SECURITY_FILE] to Logger[com.codetop.security]
13:57:36,733 |-INFO in ch.qos.logback.core.model.processor.AppenderRefModelHandler - Attaching appender named [CONSOLE] to Logger[com.codetop.security]
13:57:36,733 |-INFO in ch.qos.logback.classic.model.processor.LoggerModelHandler - Setting level of logger [com.codetop.service.AuthService] to INFO
13:57:36,733 |-INFO in ch.qos.logback.classic.jul.LevelChangePropagator@6c6c5427 - Propagating INFO level on Logger[com.codetop.service.AuthService] onto the JUL framework
13:57:36,733 |-INFO in ch.qos.logback.classic.model.processor.LoggerModelHandler - Setting additivity of logger [com.codetop.service.AuthService] to false
13:57:36,733 |-INFO in ch.qos.logback.core.model.processor.AppenderRefModelHandler - Attaching appender named [ASYNC_SECURITY_FILE] to Logger[com.codetop.service.AuthService]
13:57:36,733 |-INFO in ch.qos.logback.core.model.processor.AppenderRefModelHandler - Attaching appender named [CONSOLE] to Logger[com.codetop.service.AuthService]
13:57:36,733 |-INFO in ch.qos.logback.classic.model.processor.LoggerModelHandler - Setting level of logger [com.codetop.util.JwtUtil] to INFO
13:57:36,733 |-INFO in ch.qos.logback.classic.jul.LevelChangePropagator@6c6c5427 - Propagating INFO level on Logger[com.codetop.util.JwtUtil] onto the JUL framework
13:57:36,733 |-INFO in ch.qos.logback.classic.model.processor.LoggerModelHandler - Setting additivity of logger [com.codetop.util.JwtUtil] to false
13:57:36,733 |-INFO in ch.qos.logback.core.model.processor.AppenderRefModelHandler - Attaching appender named [ASYNC_SECURITY_FILE] to Logger[com.codetop.util.JwtUtil]
13:57:36,733 |-INFO in ch.qos.logback.core.model.processor.AppenderRefModelHandler - Attaching appender named [CONSOLE] to Logger[com.codetop.util.JwtUtil]
13:57:36,733 |-INFO in ch.qos.logback.classic.model.processor.LoggerModelHandler - Setting level of logger [com.codetop.service] to INFO
13:57:36,733 |-INFO in ch.qos.logback.classic.jul.LevelChangePropagator@6c6c5427 - Propagating INFO level on Logger[com.codetop.service] onto the JUL framework
13:57:36,733 |-INFO in ch.qos.logback.classic.model.processor.LoggerModelHandler - Setting additivity of logger [com.codetop.service] to false
13:57:36,733 |-INFO in ch.qos.logback.core.model.processor.AppenderRefModelHandler - Attaching appender named [ASYNC_BUSINESS_FILE] to Logger[com.codetop.service]
13:57:36,733 |-INFO in ch.qos.logback.core.model.processor.AppenderRefModelHandler - Attaching appender named [CONSOLE] to Logger[com.codetop.service]
13:57:36,733 |-INFO in ch.qos.logback.classic.model.processor.LoggerModelHandler - Setting level of logger [com.codetop.controller] to INFO
13:57:36,733 |-INFO in ch.qos.logback.classic.jul.LevelChangePropagator@6c6c5427 - Propagating INFO level on Logger[com.codetop.controller] onto the JUL framework
13:57:36,733 |-INFO in ch.qos.logback.classic.model.processor.LoggerModelHandler - Setting additivity of logger [com.codetop.controller] to false
13:57:36,733 |-INFO in ch.qos.logback.core.model.processor.AppenderRefModelHandler - Attaching appender named [ASYNC_BUSINESS_FILE] to Logger[com.codetop.controller]
13:57:36,734 |-INFO in ch.qos.logback.core.model.processor.AppenderRefModelHandler - Attaching appender named [CONSOLE] to Logger[com.codetop.controller]
13:57:36,734 |-INFO in ch.qos.logback.classic.model.processor.LoggerModelHandler - Setting level of logger [com.codetop.algorithm] to DEBUG
13:57:36,734 |-INFO in ch.qos.logback.classic.jul.LevelChangePropagator@6c6c5427 - Propagating DEBUG level on Logger[com.codetop.algorithm] onto the JUL framework
13:57:36,734 |-INFO in ch.qos.logback.classic.model.processor.LoggerModelHandler - Setting additivity of logger [com.codetop.algorithm] to false
13:57:36,734 |-INFO in ch.qos.logback.core.model.processor.AppenderRefModelHandler - Attaching appender named [ASYNC_BUSINESS_FILE] to Logger[com.codetop.algorithm]
13:57:36,734 |-INFO in ch.qos.logback.core.model.processor.AppenderRefModelHandler - Attaching appender named [CONSOLE] to Logger[com.codetop.algorithm]
13:57:36,734 |-INFO in ch.qos.logback.classic.model.processor.LoggerModelHandler - Setting level of logger [org.springframework.security] to WARN
13:57:36,734 |-INFO in ch.qos.logback.classic.jul.LevelChangePropagator@6c6c5427 - Propagating WARN level on Logger[org.springframework.security] onto the JUL framework
13:57:36,734 |-INFO in ch.qos.logback.classic.model.processor.LoggerModelHandler - Setting additivity of logger [org.springframework.security] to false
13:57:36,734 |-INFO in ch.qos.logback.core.model.processor.AppenderRefModelHandler - Attaching appender named [ASYNC_SECURITY_FILE] to Logger[org.springframework.security]
13:57:36,734 |-INFO in ch.qos.logback.core.model.processor.AppenderRefModelHandler - Attaching appender named [CONSOLE] to Logger[org.springframework.security]
13:57:36,734 |-INFO in ch.qos.logback.classic.model.processor.LoggerModelHandler - Setting level of logger [org.redisson] to WARN
13:57:36,734 |-INFO in ch.qos.logback.classic.jul.LevelChangePropagator@6c6c5427 - Propagating WARN level on Logger[org.redisson] onto the JUL framework
13:57:36,734 |-INFO in ch.qos.logback.classic.model.processor.LoggerModelHandler - Setting additivity of logger [org.redisson] to false
13:57:36,734 |-INFO in ch.qos.logback.core.model.processor.AppenderRefModelHandler - Attaching appender named [ASYNC_FILE] to Logger[org.redisson]
13:57:36,734 |-INFO in ch.qos.logback.core.model.processor.AppenderRefModelHandler - Attaching appender named [CONSOLE] to Logger[org.redisson]
13:57:36,734 |-INFO in ch.qos.logback.classic.model.processor.LoggerModelHandler - Setting level of logger [com.alibaba.druid] to WARN
13:57:36,734 |-INFO in ch.qos.logback.classic.jul.LevelChangePropagator@6c6c5427 - Propagating WARN level on Logger[com.alibaba.druid] onto the JUL framework
13:57:36,734 |-INFO in ch.qos.logback.classic.model.processor.LoggerModelHandler - Setting additivity of logger [com.alibaba.druid] to false
13:57:36,734 |-INFO in ch.qos.logback.core.model.processor.AppenderRefModelHandler - Attaching appender named [ASYNC_SQL_FILE] to Logger[com.alibaba.druid]
13:57:36,734 |-INFO in ch.qos.logback.core.model.processor.AppenderRefModelHandler - Attaching appender named [CONSOLE] to Logger[com.alibaba.druid]
13:57:36,734 |-INFO in ch.qos.logback.classic.model.processor.LoggerModelHandler - Setting level of logger [org.springframework.web] to WARN
13:57:36,734 |-INFO in ch.qos.logback.classic.jul.LevelChangePropagator@6c6c5427 - Propagating WARN level on Logger[org.springframework.web] onto the JUL framework
13:57:36,734 |-INFO in ch.qos.logback.classic.model.processor.LoggerModelHandler - Setting additivity of logger [org.springframework.web] to false
13:57:36,734 |-INFO in ch.qos.logback.core.model.processor.AppenderRefModelHandler - Attaching appender named [ASYNC_FILE] to Logger[org.springframework.web]
13:57:36,734 |-INFO in ch.qos.logback.core.model.processor.AppenderRefModelHandler - Attaching appender named [CONSOLE] to Logger[org.springframework.web]
13:57:36,734 |-INFO in ch.qos.logback.classic.model.processor.RootLoggerModelHandler - Setting level of ROOT logger to DEBUG
13:57:36,734 |-INFO in ch.qos.logback.core.model.processor.AppenderRefModelHandler - Attaching appender named [CONSOLE] to Logger[ROOT]
13:57:36,734 |-INFO in ch.qos.logback.core.model.processor.AppenderRefModelHandler - Attaching appender named [ASYNC_FILE] to Logger[ROOT]
13:57:36,734 |-INFO in ch.qos.logback.core.model.processor.AppenderRefModelHandler - Attaching appender named [ASYNC_ERROR_FILE] to Logger[ROOT]
13:57:36,735 |-INFO in ch.qos.logback.core.model.processor.DefaultProcessor@2c88b9fc - End of configuration.
13:57:36,735 |-INFO in org.springframework.boot.logging.logback.SpringBootJoranConfigurator@64dafeed - Registering current configuration as safe fallback point


  .   ____          _            __ _ _
 /\\ / ___'_ __ _ _(_)_ __  __ _ \ \ \ \
( ( )\___ | '_ | '_| | '_ \/ _` | \ \ \ \
 \\/  ___)| |_)| | | | | || (_| |  ) ) ) )
  '  |____| .__|_| |_|_| |_\__, | / / / /
 =========|_|==============|___/=/_/_/_/
 :: Spring Boot ::                (v3.2.1)

2025-09-02 13:57:36.893 []  INFO 295977 --- [           main] com.codetop.CodetopFsrsApplication       : Starting CodetopFsrsApplication using Java 17.0.12 with PID 295977 (/mnt/e/FxxkLC/target/classes started by icon in /mnt/e/FxxkLC)
2025-09-02 13:57:36.897 [] DEBUG 295977 --- [           main] com.codetop.CodetopFsrsApplication       : Running with Spring Boot v3.2.1, Spring v6.1.2
2025-09-02 13:57:36.898 []  INFO 295977 --- [           main] com.codetop.CodetopFsrsApplication       : The following 1 profile is active: "dev"
2025-09-02 13:57:42.326 []  INFO 295977 --- [           main] .s.d.r.c.RepositoryConfigurationDelegate : Multiple Spring Data modules found, entering strict repository configuration mode
2025-09-02 13:57:42.328 []  INFO 295977 --- [           main] .s.d.r.c.RepositoryConfigurationDelegate : Bootstrapping Spring Data MongoDB repositories in DEFAULT mode.
2025-09-02 13:57:43.463 []  INFO 295977 --- [           main] .s.d.r.c.RepositoryConfigurationDelegate : Finished Spring Data repository scanning in 1126 ms. Found 2 MongoDB repository interfaces.
2025-09-02 13:57:44.341 []  INFO 295977 --- [           main] .s.d.r.c.RepositoryConfigurationDelegate : Multiple Spring Data modules found, entering strict repository configuration mode
2025-09-02 13:57:44.344 []  INFO 295977 --- [           main] .s.d.r.c.RepositoryConfigurationDelegate : Bootstrapping Spring Data Redis repositories in DEFAULT mode.
2025-09-02 13:57:44.640 []  INFO 295977 --- [           main] .RepositoryConfigurationExtensionSupport : Spring Data Redis - Could not safely identify store assignment for repository candidate interface com.codetop.repository.mongo.ProblemNoteContentRepository; If you want this repository to be a Redis repository, consider annotating your entities with one of these annotations: org.springframework.data.redis.core.RedisHash (preferred), or consider extending one of the following types with your repository: org.springframework.data.keyvalue.repository.KeyValueRepository
2025-09-02 13:57:44.641 []  INFO 295977 --- [           main] .RepositoryConfigurationExtensionSupport : Spring Data Redis - Could not safely identify store assignment for repository candidate interface com.codetop.repository.mongo.ProblemNoteDetailRepository; If you want this repository to be a Redis repository, consider annotating your entities with one of these annotations: org.springframework.data.redis.core.RedisHash (preferred), or consider extending one of the following types with your repository: org.springframework.data.keyvalue.repository.KeyValueRepository
2025-09-02 13:57:44.641 []  INFO 295977 --- [           main] .s.d.r.c.RepositoryConfigurationDelegate : Finished Spring Data repository scanning in 284 ms. Found 0 Redis repository interfaces.
2025-09-02 13:57:44.860 [] DEBUG 295977 --- [           main] org.apache.ibatis.logging.LogFactory     : Logging initialized using 'class org.apache.ibatis.logging.slf4j.Slf4jImpl' adapter.
2025-09-02 13:57:47.056 []  INFO 295977 --- [           main] o.s.b.w.embedded.tomcat.TomcatWebServer  : Tomcat initialized with port 8080 (http)
2025-09-02 13:57:47.078 []  INFO 295977 --- [           main] o.apache.catalina.core.StandardService   : Starting service [Tomcat]
2025-09-02 13:57:47.078 []  INFO 295977 --- [           main] o.apache.catalina.core.StandardEngine    : Starting Servlet engine: [Apache Tomcat/10.1.17]
2025-09-02 13:57:47.172 []  INFO 295977 --- [           main] o.a.c.c.C.[.[localhost].[/api/v1]        : Initializing Spring embedded WebApplicationContext
2025-09-02 13:57:47.173 []  INFO 295977 --- [           main] w.s.c.ServletWebServerApplicationContext : Root WebApplicationContext: initialization completed in 10198 ms
2025-09-02 13:57:49.349 []  INFO 295977 --- [           main] com.codetop.config.MyBatisPlusConfig     : Custom IllegalSQL interceptor configured with relaxed OR clause restrictions
2025-09-02 13:57:49.350 []  INFO 295977 --- [           main] com.codetop.config.MyBatisPlusConfig     : MyBatis-Plus interceptor configured with pagination, optimistic lock, and security plugins
Logging initialized using 'class org.apache.ibatis.logging.stdout.StdOutImpl' adapter.
2025-09-02 13:57:52.023 [] DEBUG 295977 --- [           main] c.b.m.e.s.MybatisSqlSessionFactoryBean   : Registered plugin: 'com.codetop.logging.SqlLoggingInterceptor@eabecf5'
2025-09-02 13:57:52.023 [] DEBUG 295977 --- [           main] c.b.m.e.s.MybatisSqlSessionFactoryBean   : Registered plugin: 'com.baomidou.mybatisplus.extension.plugins.MybatisPlusInterceptor@af007d6'
2025-09-02 13:57:52.319 [] DEBUG 295977 --- [           main] c.b.m.e.s.MybatisSqlSessionFactoryBean   : Parsed mapper file: 'file [/mnt/e/FxxkLC/target/classes/mapper/FSRSCardMapper.xml]'
Initialization Sequence datacenterId:1 workerId:28
 _ _   |_  _ _|_. ___ _ |    _ 
| | |\/|_)(_| | |_\  |_)||_|_\ 
     /               |         
                        3.5.5 
2025-09-02 13:57:52.612 []  INFO 295977 --- [           main] c.c.config.UniversalJsonRedisSerializer  : UniversalJsonRedisSerializer initialized with enhanced type information handling
2025-09-02 13:57:52.613 []  INFO 295977 --- [           main] com.codetop.config.RedisConfig           : Redis template configured with UniversalJsonRedisSerializer for enhanced type handling
2025-09-02 13:57:55.876 [] DEBUG 295977 --- [           main] o.s.w.f.ServerHttpObservationFilter      : Filter 'webMvcObservationFilter' configured for use
2025-09-02 13:57:55.897 [] DEBUG 295977 --- [           main] o.s.web.filter.ForwardedHeaderFilter     : Filter 'forwardedHeaderFilter' configured for use
2025-09-02 13:57:56.239 []  INFO 295977 --- [           main] c.codetop.config.MyBatisLoggingConfig    : SQL logging interceptor registered with 1 SqlSessionFactory instances
2025-09-02 13:57:58.944 []  INFO 295977 --- [           main] org.mongodb.driver.client                : MongoClient with metadata {"driver": {"name": "mongo-java-driver|sync|spring-boot", "version": "4.11.1"}, "os": {"type": "Linux", "name": "Linux", "architecture": "amd64", "version": "6.6.87.2-microsoft-standard-WSL2"}, "platform": "Java/Oracle Corporation/17.0.12+8-LTS-286"} created with settings MongoClientSettings{readPreference=primary, writeConcern=WriteConcern{w=null, wTimeout=null ms, journal=null}, retryWrites=true, retryReads=true, readConcern=ReadConcern{level=null}, credential=MongoCredential{mechanism=null, userName='root', source='admin', password=<hidden>, mechanismProperties=<hidden>}, transportSettings=null, streamFactoryFactory=null, commandListeners=[io.micrometer.core.instrument.binder.mongodb.MongoMetricsCommandListener@221961f2], codecRegistry=ProvidersCodecRegistry{codecProviders=[ValueCodecProvider{}, BsonValueCodecProvider{}, DBRefCodecProvider{}, DBObjectCodecProvider{}, DocumentCodecProvider{}, CollectionCodecProvider{}, IterableCodecProvider{}, MapCodecProvider{}, GeoJsonCodecProvider{}, GridFSFileCodecProvider{}, Jsr310CodecProvider{}, JsonObjectCodecProvider{}, BsonCodecProvider{}, EnumCodecProvider{}, com.mongodb.client.model.mql.ExpressionCodecProvider@2122b4bd, com.mongodb.Jep395RecordCodecProvider@5dd79a57, com.mongodb.KotlinCodecProvider@40b7e68c]}, loggerSettings=LoggerSettings{maxDocumentLength=1000}, clusterSettings={hosts=[localhost:27018], srvServiceName=mongodb, mode=SINGLE, requiredClusterType=UNKNOWN, requiredReplicaSetName='null', serverSelector='null', clusterListeners='[]', serverSelectionTimeout='30000 ms', localThreshold='15 ms'}, socketSettings=SocketSettings{connectTimeoutMS=10000, readTimeoutMS=0, receiveBufferSize=0, proxySettings=ProxySettings{host=null, port=null, username=null, password=null}}, heartbeatSocketSettings=SocketSettings{connectTimeoutMS=10000, readTimeoutMS=10000, receiveBufferSize=0, proxySettings=ProxySettings{host=null, port=null, username=null, password=null}}, connectionPoolSettings=ConnectionPoolSettings{maxSize=100, minSize=0, maxWaitTimeMS=120000, maxConnectionLifeTimeMS=0, maxConnectionIdleTimeMS=0, maintenanceInitialDelayMS=0, maintenanceFrequencyMS=60000, connectionPoolListeners=[io.micrometer.core.instrument.binder.mongodb.MongoMetricsConnectionPoolListener@3638120f], maxConnecting=2}, serverSettings=ServerSettings{heartbeatFrequencyMS=10000, minHeartbeatFrequencyMS=500, serverListeners='[]', serverMonitorListeners='[]'}, sslSettings=SslSettings{enabled=false, invalidHostNameAllowed=false, context=null}, applicationName='null', compressorList=[], uuidRepresentation=JAVA_LEGACY, serverApi=null, autoEncryptionSettings=null, dnsClient=null, inetAddressResolver=null, contextProvider=null}
2025-09-02 13:57:59.038 []  INFO 295977 --- [localhost:27018] org.mongodb.driver.cluster               : Monitor thread successfully connected to server with description ServerDescription{address=localhost:27018, type=STANDALONE, state=CONNECTED, ok=true, minWireVersion=0, maxWireVersion=21, maxDocumentSize=16777216, logicalSessionTimeoutMinutes=30, roundTripTimeNanos=163026244}
2025-09-02 13:58:02.210 [] DEBUG 295977 --- [           main] s.w.s.m.m.a.RequestMappingHandlerMapping : 98 mappings in 'requestMappingHandlerMapping'
2025-09-02 13:58:02.314 [] DEBUG 295977 --- [           main] o.s.w.s.handler.SimpleUrlHandlerMapping  : Patterns [/webjars/**, /**, /swagger-ui*/*swagger-initializer.js, /swagger-ui*/**] in 'resourceHandlerMapping'
2025-09-02 13:58:02.624 []  INFO 295977 --- [           main] o.s.b.a.e.web.EndpointLinksResolver      : Exposing 5 endpoint(s) beneath base path '/actuator'
2025-09-02 13:58:03.070 [] DEBUG 295977 --- [           main] s.w.s.m.m.a.RequestMappingHandlerAdapter : ControllerAdvice beans: 0 @ModelAttribute, 0 @InitBinder, 1 RequestBodyAdvice, 1 ResponseBodyAdvice
2025-09-02 13:58:03.172 [] DEBUG 295977 --- [           main] .m.m.a.ExceptionHandlerExceptionResolver : ControllerAdvice beans: 3 @ExceptionHandler, 1 ResponseBodyAdvice
2025-09-02 13:58:04.552 []  INFO 295977 --- [           main] o.s.b.w.embedded.tomcat.TomcatWebServer  : Tomcat started on port 8080 (http) with context path '/api/v1'
2025-09-02 13:58:04.565 []  INFO 295977 --- [           main] com.codetop.CodetopFsrsApplication       : Started CodetopFsrsApplication in 29.351 seconds (process running for 27.16)
2025-09-02 13:58:04.574 [] DEBUG 295977 --- [           main] c.b.m.a.DdlApplicationRunner             :   ...  DDL start create  ...  
2025-09-02 13:58:04.576 [] DEBUG 295977 --- [           main] c.b.m.a.DdlApplicationRunner             :   ...  DDL end create  ...  
2025-09-02 13:58:05.752 []  INFO 295977 --- [nio-8080-exec-1] o.a.c.c.C.[.[localhost].[/api/v1]        : Initializing Spring DispatcherServlet 'dispatcherServlet'
2025-09-02 13:58:05.752 []  INFO 295977 --- [nio-8080-exec-1] o.s.web.servlet.DispatcherServlet        : Initializing Servlet 'dispatcherServlet'
2025-09-02 13:58:05.753 [] DEBUG 295977 --- [nio-8080-exec-1] o.s.web.servlet.DispatcherServlet        : Detected StandardServletMultipartResolver
2025-09-02 13:58:05.753 [] DEBUG 295977 --- [nio-8080-exec-1] o.s.web.servlet.DispatcherServlet        : Detected AcceptHeaderLocaleResolver
2025-09-02 13:58:05.753 [] DEBUG 295977 --- [nio-8080-exec-1] o.s.web.servlet.DispatcherServlet        : Detected FixedThemeResolver
2025-09-02 13:58:05.755 [] DEBUG 295977 --- [nio-8080-exec-1] o.s.web.servlet.DispatcherServlet        : Detected org.springframework.web.servlet.view.DefaultRequestToViewNameTranslator@f3458af
2025-09-02 13:58:05.756 [] DEBUG 295977 --- [nio-8080-exec-1] o.s.web.servlet.DispatcherServlet        : Detected org.springframework.web.servlet.support.SessionFlashMapManager@7ec9d826
2025-09-02 13:58:05.756 [] DEBUG 295977 --- [nio-8080-exec-1] o.s.web.servlet.DispatcherServlet        : enableLoggingRequestDetails='false': request parameters and headers will be masked to prevent unsafe logging of potentially sensitive data
2025-09-02 13:58:05.756 []  INFO 295977 --- [nio-8080-exec-1] o.s.web.servlet.DispatcherServlet        : Completed initialization in 4 ms
2025-09-02 13:58:05.913 [eed3d52f568a43ddaa6815aad6ae14be] DEBUG 295977 --- [nio-8080-exec-1] com.codetop.logging.RequestTraceFilter   : Request trace context initialized - TraceId: eed3d52f568a43ddaa6815aad6ae14be, UserId: null, Operation: GET_ACTUATOR_HEALTH, ClientIP: 127.0.0.1
2025-09-02 13:58:05.913 [eed3d52f568a43ddaa6815aad6ae14be] DEBUG 295977 --- [nio-8080-exec-1] com.codetop.logging.RequestTraceFilter   : Processing request: GET /api/v1/actuator/health - TraceId: eed3d52f568a43ddaa6815aad6ae14be
2025-09-02 13:58:05.921 [eed3d52f568a43ddaa6815aad6ae14be] DEBUG 295977 --- [nio-8080-exec-1] o.s.web.servlet.DispatcherServlet        : GET "/api/v1/actuator/health", parameters={}
2025-09-02 13:58:05.952 [eed3d52f568a43ddaa6815aad6ae14be] DEBUG 295977 --- [nio-8080-exec-1] m.m.a.RequestResponseBodyMethodProcessor : Read "application/octet-stream" to []
2025-09-02 13:58:06.114 [eed3d52f568a43ddaa6815aad6ae14be] DEBUG 295977 --- [nio-8080-exec-1] o.s.w.s.m.m.a.HttpEntityMethodProcessor  : Using 'application/vnd.spring-boot.actuator.v3+json', given [*/*] and supported [application/vnd.spring-boot.actuator.v3+json, application/vnd.spring-boot.actuator.v2+json, application/json]
2025-09-02 13:58:06.215 [eed3d52f568a43ddaa6815aad6ae14be] DEBUG 295977 --- [nio-8080-exec-1] o.s.w.s.m.m.a.HttpEntityMethodProcessor  : Writing [org.springframework.boot.actuate.health.SystemHealth@313ff1d1]
2025-09-02 13:58:06.267 [eed3d52f568a43ddaa6815aad6ae14be] DEBUG 295977 --- [nio-8080-exec-1] o.s.web.servlet.DispatcherServlet        : Completed 200 OK
2025-09-02 13:58:06.270 [eed3d52f568a43ddaa6815aad6ae14be] DEBUG 295977 --- [nio-8080-exec-1] com.codetop.logging.RequestTraceFilter   : Request processing completed - Duration: 363ms - Status: 200 - TraceId: eed3d52f568a43ddaa6815aad6ae14be
2025-09-02 13:58:06.271 [] DEBUG 295977 --- [nio-8080-exec-1] com.codetop.util.UserContext             : Cleared UserContext ThreadLocal
2025-09-02 13:58:06.292 [1cc35faa01eb424095ca7592a13a2e69] DEBUG 295977 --- [nio-8080-exec-3] com.codetop.logging.RequestTraceFilter   : Request trace context initialized - TraceId: 1cc35faa01eb424095ca7592a13a2e69, UserId: null, Operation: PROBLEM_GET, ClientIP: 127.0.0.1
2025-09-02 13:58:06.293 [1cc35faa01eb424095ca7592a13a2e69]  INFO 295977 --- [nio-8080-exec-3] com.codetop.access                       : Request started - GET /api/v1/codetop/problems/global from 127.0.0.1 [2025-09-02T13:58:06.293401634]
2025-09-02 13:58:06.294 [1cc35faa01eb424095ca7592a13a2e69] DEBUG 295977 --- [nio-8080-exec-3] com.codetop.logging.RequestTraceFilter   : Processing request: GET /api/v1/codetop/problems/global - TraceId: 1cc35faa01eb424095ca7592a13a2e69
2025-09-02 13:58:06.294 [1cc35faa01eb424095ca7592a13a2e69] DEBUG 295977 --- [nio-8080-exec-3] o.s.web.servlet.DispatcherServlet        : GET "/api/v1/codetop/problems/global", parameters={}
2025-09-02 13:58:06.295 [1cc35faa01eb424095ca7592a13a2e69] DEBUG 295977 --- [nio-8080-exec-3] s.w.s.m.m.a.RequestMappingHandlerMapping : Mapped to com.codetop.controller.CodeTopFilterController#getGlobalProblems(Integer, Integer, String, String)
2025-09-02 13:58:06.314 [1cc35faa01eb424095ca7592a13a2e69]  INFO 295977 --- [nio-8080-exec-3] c.c.logging.ControllerLoggingAspect      : Controller request started: class=CodeTopFilterController, method=CodeTopFilterController.getGlobalProblems(..), httpMethod=GET, uri=/api/v1/codetop/problems/global, queryString='null', clientIp=127.0.0.1, userAgent='curl/7.81.0'
2025-09-02 13:58:06.315 [1cc35faa01eb424095ca7592a13a2e69] DEBUG 295977 --- [nio-8080-exec-3] c.c.logging.ControllerLoggingAspect      : Controller request parameters: class=CodeTopFilterController, method=CodeTopFilterController.getGlobalProblems(..), parameters=[1, 20, frequency_score, desc]
2025-09-02 13:58:06.347 [1cc35faa01eb424095ca7592a13a2e69]  INFO 295977 --- [nio-8080-exec-3] c.codetop.service.CodeTopFilterService   : Getting global problems: page=1, size=20, sortBy=frequency_score, sortOrder=desc
2025-09-02 13:58:06.367 [1cc35faa01eb424095ca7592a13a2e69] DEBUG 295977 --- [nio-8080-exec-3] com.codetop.util.CacheHelper             : Cache miss, computing value: key=codetop:codetop:global:page_1:size_20:sort_frequency_score:order_desc
Creating a new SqlSession
Registering transaction synchronization for SqlSession [org.apache.ibatis.session.defaults.DefaultSqlSession@ecf63b5]
2025-09-02 13:58:06.874 [1cc35faa01eb424095ca7592a13a2e69] DEBUG 295977 --- [nio-8080-exec-3] c.codetop.logging.SqlLoggingInterceptor  : SQL execution started: sqlId=com.codetop.mapper.ProblemFrequencyStatsMapper.selectList, type=SELECT, sql=SELECT id,problem_id,company_id,department_id,position_id,total_frequency_score,interview_count,unique_interviewers,last_asked_date,first_asked_date,frequency_trend,avg_difficulty_rating,success_rate,avg_solve_time_minutes,frequency_rank,percentile,stats_scope,calculation_date,created_at,updated_at FROM problem_frequency_stats WHERE (stats_scope = ?) ORDER BY total_frequency_score DESC,frequency_rank ASC
JDBC Connection [ConnectionProxyImpl{connectedTime=2025-09-02 13:57:50.866, closeCount=0, lastValidateTimeMillis=2025-09-02 13:57:50.868}] will be managed by Spring
==>  Preparing: SELECT COUNT(*) AS total FROM problem_frequency_stats WHERE (stats_scope = ?)
==> Parameters: GLOBAL(String)
<==    Columns: total
<==        Row: 100
<==      Total: 1
2025-09-02 13:58:07.154 [1cc35faa01eb424095ca7592a13a2e69] DEBUG 295977 --- [nio-8080-exec-3] c.c.c.CustomIllegalSQLInnerInterceptor   : Allowed non-OR query: SELECT  id,problem_id,company_id,department_id,position_id,total_frequency_score,interview_count,unique_interviewers,last_asked_date,first_asked_date,frequency_trend,avg_difficulty_rating,success_rate,avg_solve_time_minutes,frequency_rank,percentile,stats_scope,calculation_date,created_at,updated_at  FROM problem_frequency_stats      WHERE  (stats_scope = ?) ORDER BY total_frequency_score DESC,frequency_rank ASC LIMIT ?
==>  Preparing: SELECT id,problem_id,company_id,department_id,position_id,total_frequency_score,interview_count,unique_interviewers,last_asked_date,first_asked_date,frequency_trend,avg_difficulty_rating,success_rate,avg_solve_time_minutes,frequency_rank,percentile,stats_scope,calculation_date,created_at,updated_at FROM problem_frequency_stats WHERE (stats_scope = ?) ORDER BY total_frequency_score DESC,frequency_rank ASC LIMIT ?
==> Parameters: GLOBAL(String), 20(Long)
<==    Columns: id, problem_id, company_id, department_id, position_id, total_frequency_score, interview_count, unique_interviewers, last_asked_date, first_asked_date, frequency_trend, avg_difficulty_rating, success_rate, avg_solve_time_minutes, frequency_rank, percentile, stats_scope, calculation_date, created_at, updated_at
<==        Row: 604, 1, null, null, null, 976.00, 200, 117, 2025-08-26, 2025-04-11, STABLE, 2.50, 79.70, 13, 1, 100.00, GLOBAL, 2025-08-31, 2025-08-31 09:32:41, 2025-08-31 09:32:41
<==        Row: 605, 2, null, null, null, 790.00, 163, 99, 2025-08-29, 2025-05-18, STABLE, 3.70, 30.60, 45, 2, 99.00, GLOBAL, 2025-08-31, 2025-08-31 09:32:41, 2025-08-31 09:32:41
<==        Row: 606, 3, null, null, null, 694.00, 134, 78, 2025-08-24, 2024-10-31, STABLE, 2.80, 66.90, 35, 3, 98.00, GLOBAL, 2025-08-31, 2025-08-31 09:32:41, 2025-08-31 09:32:41
<==        Row: 607, 4, null, null, null, 545.00, 107, 64, 2025-08-06, 2025-03-13, STABLE, 3.30, 72.70, 18, 4, 97.00, GLOBAL, 2025-08-31, 2025-08-31 09:32:41, 2025-08-31 09:32:41
<==        Row: 608, 5, null, null, null, 454.00, 91, 53, 2025-08-27, 2025-04-16, STABLE, 2.90, 56.00, 28, 5, 96.00, GLOBAL, 2025-08-31, 2025-08-31 09:32:41, 2025-08-31 09:32:41
<==        Row: 609, 6, null, null, null, 426.00, 86, 48, 2025-08-05, 2025-05-11, STABLE, 3.00, 59.60, 26, 6, 95.00, GLOBAL, 2025-08-31, 2025-08-31 09:32:41, 2025-08-31 09:32:41
<==        Row: 610, 7, null, null, null, 349.00, 71, 43, 2025-08-13, 2025-01-03, STABLE, 2.70, 75.80, 20, 7, 94.00, GLOBAL, 2025-08-31, 2025-08-31 09:32:41, 2025-08-31 09:32:41
<==        Row: 611, 8, null, null, null, 316.00, 68, 41, 2025-08-08, 2025-04-28, STABLE, 3.70, 38.80, 38, 8, 93.00, GLOBAL, 2025-08-31, 2025-08-31 09:32:41, 2025-08-31 09:32:41
<==        Row: 612, 9, null, null, null, 304.00, 55, 35, 2025-08-03, 2025-02-03, STABLE, 2.80, 58.10, 20, 9, 92.00, GLOBAL, 2025-08-31, 2025-08-31 09:32:41, 2025-08-31 09:32:41
<==        Row: 613, 10, null, null, null, 296.00, 55, 33, 2025-08-25, 2024-11-25, STABLE, 2.90, 67.80, 29, 10, 91.00, GLOBAL, 2025-08-31, 2025-08-31 09:32:41, 2025-08-31 09:32:41
<==        Row: 614, 11, null, null, null, 285.00, 57, 32, 2025-08-28, 2025-03-07, STABLE, 3.40, 69.70, 38, 11, 90.00, GLOBAL, 2025-08-31, 2025-08-31 09:32:41, 2025-08-31 09:32:41
<==        Row: 615, 12, null, null, null, 285.00, 60, 38, 2025-08-01, 2025-02-10, STABLE, 2.80, 62.90, 26, 12, 89.00, GLOBAL, 2025-08-31, 2025-08-31 09:32:41, 2025-08-31 09:32:41
<==        Row: 616, 13, null, null, null, 281.00, 61, 35, 2025-08-04, 2025-05-17, STABLE, 3.60, 51.30, 39, 13, 88.00, GLOBAL, 2025-08-31, 2025-08-31 09:32:41, 2025-08-31 09:32:41
<==        Row: 617, 14, null, null, null, 276.00, 55, 33, 2025-08-02, 2024-12-23, STABLE, 2.80, 55.90, 36, 14, 87.00, GLOBAL, 2025-08-31, 2025-08-31 09:32:41, 2025-08-31 09:32:41
<==        Row: 618, 15, null, null, null, 270.00, 52, 33, 2025-08-16, 2025-03-21, STABLE, 3.10, 74.80, 38, 15, 86.00, GLOBAL, 2025-08-31, 2025-08-31 09:32:41, 2025-08-31 09:32:41
<==        Row: 619, 16, null, null, null, 263.00, 51, 28, 2025-08-07, 2024-10-26, STABLE, 2.80, 65.70, 26, 16, 85.00, GLOBAL, 2025-08-31, 2025-08-31 09:32:41, 2025-08-31 09:32:41
<==        Row: 620, 17, null, null, null, 262.00, 56, 33, 2025-08-14, 2024-09-23, STABLE, 3.00, 77.90, 22, 17, 84.00, GLOBAL, 2025-08-31, 2025-08-31 09:32:41, 2025-08-31 09:32:41
<==        Row: 621, 18, null, null, null, 252.00, 46, 30, 2025-08-25, 2024-10-29, STABLE, 2.60, 53.10, 38, 18, 83.00, GLOBAL, 2025-08-31, 2025-08-31 09:32:41, 2025-08-31 09:32:41
<==        Row: 622, 19, null, null, null, 247.00, 53, 28, 2025-08-14, 2025-01-25, STABLE, 3.00, 66.70, 32, 19, 82.00, GLOBAL, 2025-08-31, 2025-08-31 09:32:41, 2025-08-31 09:32:41
<==        Row: 623, 20, null, null, null, 246.00, 52, 34, 2025-08-09, 2024-09-01, STABLE, 3.70, 48.40, 35, 20, 81.00, GLOBAL, 2025-08-31, 2025-08-31 09:32:41, 2025-08-31 09:32:41
<==      Total: 20
2025-09-02 13:58:07.195 [1cc35faa01eb424095ca7592a13a2e69]  INFO 295977 --- [nio-8080-exec-3] c.codetop.logging.SqlLoggingInterceptor  : SQL executed successfully: sqlId=com.codetop.mapper.ProblemFrequencyStatsMapper.selectList, type=SELECT, duration=682ms, affectedRows=20
2025-09-02 13:58:07.195 [1cc35faa01eb424095ca7592a13a2e69] DEBUG 295977 --- [nio-8080-exec-3] c.codetop.logging.SqlLoggingInterceptor  : SQL with parameters: sqlId=com.codetop.mapper.ProblemFrequencyStatsMapper.selectList, sql=SELECT id,problem_id,company_id,department_id,position_id,total_frequency_score,interview_count,unique_interviewers,last_asked_date,first_asked_date,frequency_trend,avg_difficulty_rating,success_rate,avg_solve_time_minutes,frequency_rank,percentile,stats_scope,calculation_date,created_at,updated_at FROM problem_frequency_stats WHERE (stats_scope = 'GLOBAL') ORDER BY total_frequency_score DESC,frequency_rank ASC
Releasing transactional SqlSession [org.apache.ibatis.session.defaults.DefaultSqlSession@ecf63b5]
Fetched SqlSession [org.apache.ibatis.session.defaults.DefaultSqlSession@ecf63b5] from current transaction
2025-09-02 13:58:07.198 [1cc35faa01eb424095ca7592a13a2e69] DEBUG 295977 --- [nio-8080-exec-3] c.codetop.logging.SqlLoggingInterceptor  : SQL execution started: sqlId=com.codetop.mapper.ProblemMapper.selectById, type=SELECT, sql=SELECT id,title,difficulty,tags,problem_url,leetcode_id,deleted AS isDeleted,is_premium,created_at,updated_at FROM problems WHERE id=? AND deleted=0
2025-09-02 13:58:07.199 [1cc35faa01eb424095ca7592a13a2e69] DEBUG 295977 --- [nio-8080-exec-3] c.c.c.CustomIllegalSQLInnerInterceptor   : Allowed non-OR query: SELECT id,title,difficulty,tags,problem_url,leetcode_id,deleted AS isDeleted,is_premium,created_at,updated_at FROM problems WHERE id=? AND deleted=0
==>  Preparing: SELECT id,title,difficulty,tags,problem_url,leetcode_id,deleted AS isDeleted,is_premium,created_at,updated_at FROM problems WHERE id=? AND deleted=0
==> Parameters: 1(Long)
<==    Columns: id, title, difficulty, tags, problem_url, leetcode_id, isDeleted, is_premium, created_at, updated_at
<==        Row: 1, , MEDIUM, <<BLOB>>, https://leetcode.cn/problems/longest-substring-without-repeating-characters, 3, 0, 0, 2025-08-31 08:18:13, 2025-08-31 08:18:13
<==      Total: 1
2025-09-02 13:58:07.209 [1cc35faa01eb424095ca7592a13a2e69]  INFO 295977 --- [nio-8080-exec-3] c.codetop.logging.SqlLoggingInterceptor  : SQL executed successfully: sqlId=com.codetop.mapper.ProblemMapper.selectById, type=SELECT, duration=11ms, affectedRows=1
2025-09-02 13:58:07.210 [1cc35faa01eb424095ca7592a13a2e69] DEBUG 295977 --- [nio-8080-exec-3] c.codetop.logging.SqlLoggingInterceptor  : SQL with parameters: sqlId=com.codetop.mapper.ProblemMapper.selectById, sql=SELECT id,title,difficulty,tags,problem_url,leetcode_id,deleted AS isDeleted,is_premium,created_at,updated_at FROM problems WHERE id=1 AND deleted=0
Releasing transactional SqlSession [org.apache.ibatis.session.defaults.DefaultSqlSession@ecf63b5]
Fetched SqlSession [org.apache.ibatis.session.defaults.DefaultSqlSession@ecf63b5] from current transaction
2025-09-02 13:58:07.215 [1cc35faa01eb424095ca7592a13a2e69] DEBUG 295977 --- [nio-8080-exec-3] c.codetop.logging.SqlLoggingInterceptor  : SQL execution started: sqlId=com.codetop.mapper.ProblemMapper.selectById, type=SELECT, sql=SELECT id,title,difficulty,tags,problem_url,leetcode_id,deleted AS isDeleted,is_premium,created_at,updated_at FROM problems WHERE id=? AND deleted=0
2025-09-02 13:58:07.216 [1cc35faa01eb424095ca7592a13a2e69] DEBUG 295977 --- [nio-8080-exec-3] c.c.c.CustomIllegalSQLInnerInterceptor   : Allowed non-OR query: SELECT id,title,difficulty,tags,problem_url,leetcode_id,deleted AS isDeleted,is_premium,created_at,updated_at FROM problems WHERE id=? AND deleted=0
==>  Preparing: SELECT id,title,difficulty,tags,problem_url,leetcode_id,deleted AS isDeleted,is_premium,created_at,updated_at FROM problems WHERE id=? AND deleted=0
==> Parameters: 2(Long)
<==    Columns: id, title, difficulty, tags, problem_url, leetcode_id, isDeleted, is_premium, created_at, updated_at
<==        Row: 2, LRU, MEDIUM, <<BLOB>>, https://leetcode.cn/problems/lru-cache, 146, 0, 0, 2025-08-31 08:18:13, 2025-08-31 08:18:13
<==      Total: 1
2025-09-02 13:58:07.220 [1cc35faa01eb424095ca7592a13a2e69]  INFO 295977 --- [nio-8080-exec-3] c.codetop.logging.SqlLoggingInterceptor  : SQL executed successfully: sqlId=com.codetop.mapper.ProblemMapper.selectById, type=SELECT, duration=5ms, affectedRows=1
2025-09-02 13:58:07.220 [1cc35faa01eb424095ca7592a13a2e69] DEBUG 295977 --- [nio-8080-exec-3] c.codetop.logging.SqlLoggingInterceptor  : SQL with parameters: sqlId=com.codetop.mapper.ProblemMapper.selectById, sql=SELECT id,title,difficulty,tags,problem_url,leetcode_id,deleted AS isDeleted,is_premium,created_at,updated_at FROM problems WHERE id=2 AND deleted=0
Releasing transactional SqlSession [org.apache.ibatis.session.defaults.DefaultSqlSession@ecf63b5]
Fetched SqlSession [org.apache.ibatis.session.defaults.DefaultSqlSession@ecf63b5] from current transaction
2025-09-02 13:58:07.221 [1cc35faa01eb424095ca7592a13a2e69] DEBUG 295977 --- [nio-8080-exec-3] c.codetop.logging.SqlLoggingInterceptor  : SQL execution started: sqlId=com.codetop.mapper.ProblemMapper.selectById, type=SELECT, sql=SELECT id,title,difficulty,tags,problem_url,leetcode_id,deleted AS isDeleted,is_premium,created_at,updated_at FROM problems WHERE id=? AND deleted=0
2025-09-02 13:58:07.222 [1cc35faa01eb424095ca7592a13a2e69] DEBUG 295977 --- [nio-8080-exec-3] c.c.c.CustomIllegalSQLInnerInterceptor   : Allowed non-OR query: SELECT id,title,difficulty,tags,problem_url,leetcode_id,deleted AS isDeleted,is_premium,created_at,updated_at FROM problems WHERE id=? AND deleted=0
==>  Preparing: SELECT id,title,difficulty,tags,problem_url,leetcode_id,deleted AS isDeleted,is_premium,created_at,updated_at FROM problems WHERE id=? AND deleted=0
==> Parameters: 3(Long)
<==    Columns: id, title, difficulty, tags, problem_url, leetcode_id, isDeleted, is_premium, created_at, updated_at
<==        Row: 3, , EASY, <<BLOB>>, https://leetcode.cn/problems/reverse-linked-list, 206, 0, 0, 2025-08-31 08:18:13, 2025-08-31 08:18:13
<==      Total: 1
2025-09-02 13:58:07.225 [1cc35faa01eb424095ca7592a13a2e69]  INFO 295977 --- [nio-8080-exec-3] c.codetop.logging.SqlLoggingInterceptor  : SQL executed successfully: sqlId=com.codetop.mapper.ProblemMapper.selectById, type=SELECT, duration=4ms, affectedRows=1
2025-09-02 13:58:07.225 [1cc35faa01eb424095ca7592a13a2e69] DEBUG 295977 --- [nio-8080-exec-3] c.codetop.logging.SqlLoggingInterceptor  : SQL with parameters: sqlId=com.codetop.mapper.ProblemMapper.selectById, sql=SELECT id,title,difficulty,tags,problem_url,leetcode_id,deleted AS isDeleted,is_premium,created_at,updated_at FROM problems WHERE id=3 AND deleted=0
Releasing transactional SqlSession [org.apache.ibatis.session.defaults.DefaultSqlSession@ecf63b5]
Fetched SqlSession [org.apache.ibatis.session.defaults.DefaultSqlSession@ecf63b5] from current transaction
2025-09-02 13:58:07.226 [1cc35faa01eb424095ca7592a13a2e69] DEBUG 295977 --- [nio-8080-exec-3] c.codetop.logging.SqlLoggingInterceptor  : SQL execution started: sqlId=com.codetop.mapper.ProblemMapper.selectById, type=SELECT, sql=SELECT id,title,difficulty,tags,problem_url,leetcode_id,deleted AS isDeleted,is_premium,created_at,updated_at FROM problems WHERE id=? AND deleted=0
2025-09-02 13:58:07.227 [1cc35faa01eb424095ca7592a13a2e69] DEBUG 295977 --- [nio-8080-exec-3] c.c.c.CustomIllegalSQLInnerInterceptor   : Allowed non-OR query: SELECT id,title,difficulty,tags,problem_url,leetcode_id,deleted AS isDeleted,is_premium,created_at,updated_at FROM problems WHERE id=? AND deleted=0
==>  Preparing: SELECT id,title,difficulty,tags,problem_url,leetcode_id,deleted AS isDeleted,is_premium,created_at,updated_at FROM problems WHERE id=? AND deleted=0
==> Parameters: 4(Long)
<==    Columns: id, title, difficulty, tags, problem_url, leetcode_id, isDeleted, is_premium, created_at, updated_at
<==        Row: 4, K, MEDIUM, <<BLOB>>, https://leetcode.cn/problems/kth-largest-element-in-an-array, 215, 0, 0, 2025-08-31 08:18:13, 2025-08-31 08:18:13
<==      Total: 1
2025-09-02 13:58:07.232 [1cc35faa01eb424095ca7592a13a2e69]  INFO 295977 --- [nio-8080-exec-3] c.codetop.logging.SqlLoggingInterceptor  : SQL executed successfully: sqlId=com.codetop.mapper.ProblemMapper.selectById, type=SELECT, duration=6ms, affectedRows=1
2025-09-02 13:58:07.233 [1cc35faa01eb424095ca7592a13a2e69] DEBUG 295977 --- [nio-8080-exec-3] c.codetop.logging.SqlLoggingInterceptor  : SQL with parameters: sqlId=com.codetop.mapper.ProblemMapper.selectById, sql=SELECT id,title,difficulty,tags,problem_url,leetcode_id,deleted AS isDeleted,is_premium,created_at,updated_at FROM problems WHERE id=4 AND deleted=0
Releasing transactional SqlSession [org.apache.ibatis.session.defaults.DefaultSqlSession@ecf63b5]
Fetched SqlSession [org.apache.ibatis.session.defaults.DefaultSqlSession@ecf63b5] from current transaction
2025-09-02 13:58:07.234 [1cc35faa01eb424095ca7592a13a2e69] DEBUG 295977 --- [nio-8080-exec-3] c.codetop.logging.SqlLoggingInterceptor  : SQL execution started: sqlId=com.codetop.mapper.ProblemMapper.selectById, type=SELECT, sql=SELECT id,title,difficulty,tags,problem_url,leetcode_id,deleted AS isDeleted,is_premium,created_at,updated_at FROM problems WHERE id=? AND deleted=0
2025-09-02 13:58:07.234 [1cc35faa01eb424095ca7592a13a2e69] DEBUG 295977 --- [nio-8080-exec-3] c.c.c.CustomIllegalSQLInnerInterceptor   : Allowed non-OR query: SELECT id,title,difficulty,tags,problem_url,leetcode_id,deleted AS isDeleted,is_premium,created_at,updated_at FROM problems WHERE id=? AND deleted=0
==>  Preparing: SELECT id,title,difficulty,tags,problem_url,leetcode_id,deleted AS isDeleted,is_premium,created_at,updated_at FROM problems WHERE id=? AND deleted=0
==> Parameters: 5(Long)
<==    Columns: id, title, difficulty, tags, problem_url, leetcode_id, isDeleted, is_premium, created_at, updated_at
<==        Row: 5, K , HARD, <<BLOB>>, https://leetcode.cn/problems/reverse-nodes-in-k-group, 25, 0, 0, 2025-08-31 08:18:13, 2025-08-31 08:18:13
<==      Total: 1
2025-09-02 13:58:07.238 [1cc35faa01eb424095ca7592a13a2e69]  INFO 295977 --- [nio-8080-exec-3] c.codetop.logging.SqlLoggingInterceptor  : SQL executed successfully: sqlId=com.codetop.mapper.ProblemMapper.selectById, type=SELECT, duration=4ms, affectedRows=1
2025-09-02 13:58:07.239 [1cc35faa01eb424095ca7592a13a2e69] DEBUG 295977 --- [nio-8080-exec-3] c.codetop.logging.SqlLoggingInterceptor  : SQL with parameters: sqlId=com.codetop.mapper.ProblemMapper.selectById, sql=SELECT id,title,difficulty,tags,problem_url,leetcode_id,deleted AS isDeleted,is_premium,created_at,updated_at FROM problems WHERE id=5 AND deleted=0
Releasing transactional SqlSession [org.apache.ibatis.session.defaults.DefaultSqlSession@ecf63b5]
Fetched SqlSession [org.apache.ibatis.session.defaults.DefaultSqlSession@ecf63b5] from current transaction
2025-09-02 13:58:07.240 [1cc35faa01eb424095ca7592a13a2e69] DEBUG 295977 --- [nio-8080-exec-3] c.codetop.logging.SqlLoggingInterceptor  : SQL execution started: sqlId=com.codetop.mapper.ProblemMapper.selectById, type=SELECT, sql=SELECT id,title,difficulty,tags,problem_url,leetcode_id,deleted AS isDeleted,is_premium,created_at,updated_at FROM problems WHERE id=? AND deleted=0
2025-09-02 13:58:07.240 [1cc35faa01eb424095ca7592a13a2e69] DEBUG 295977 --- [nio-8080-exec-3] c.c.c.CustomIllegalSQLInnerInterceptor   : Allowed non-OR query: SELECT id,title,difficulty,tags,problem_url,leetcode_id,deleted AS isDeleted,is_premium,created_at,updated_at FROM problems WHERE id=? AND deleted=0
==>  Preparing: SELECT id,title,difficulty,tags,problem_url,leetcode_id,deleted AS isDeleted,is_premium,created_at,updated_at FROM problems WHERE id=? AND deleted=0
==> Parameters: 6(Long)
<==    Columns: id, title, difficulty, tags, problem_url, leetcode_id, isDeleted, is_premium, created_at, updated_at
<==        Row: 6, , MEDIUM, <<BLOB>>, https://leetcode.cn/problems/3sum, 15, 0, 0, 2025-08-31 08:18:13, 2025-08-31 08:18:13
<==      Total: 1
2025-09-02 13:58:07.244 [1cc35faa01eb424095ca7592a13a2e69]  INFO 295977 --- [nio-8080-exec-3] c.codetop.logging.SqlLoggingInterceptor  : SQL executed successfully: sqlId=com.codetop.mapper.ProblemMapper.selectById, type=SELECT, duration=4ms, affectedRows=1
2025-09-02 13:58:07.245 [1cc35faa01eb424095ca7592a13a2e69] DEBUG 295977 --- [nio-8080-exec-3] c.codetop.logging.SqlLoggingInterceptor  : SQL with parameters: sqlId=com.codetop.mapper.ProblemMapper.selectById, sql=SELECT id,title,difficulty,tags,problem_url,leetcode_id,deleted AS isDeleted,is_premium,created_at,updated_at FROM problems WHERE id=6 AND deleted=0
Releasing transactional SqlSession [org.apache.ibatis.session.defaults.DefaultSqlSession@ecf63b5]
Fetched SqlSession [org.apache.ibatis.session.defaults.DefaultSqlSession@ecf63b5] from current transaction
2025-09-02 13:58:07.246 [1cc35faa01eb424095ca7592a13a2e69] DEBUG 295977 --- [nio-8080-exec-3] c.codetop.logging.SqlLoggingInterceptor  : SQL execution started: sqlId=com.codetop.mapper.ProblemMapper.selectById, type=SELECT, sql=SELECT id,title,difficulty,tags,problem_url,leetcode_id,deleted AS isDeleted,is_premium,created_at,updated_at FROM problems WHERE id=? AND deleted=0
2025-09-02 13:58:07.246 [1cc35faa01eb424095ca7592a13a2e69] DEBUG 295977 --- [nio-8080-exec-3] c.c.c.CustomIllegalSQLInnerInterceptor   : Allowed non-OR query: SELECT id,title,difficulty,tags,problem_url,leetcode_id,deleted AS isDeleted,is_premium,created_at,updated_at FROM problems WHERE id=? AND deleted=0
==>  Preparing: SELECT id,title,difficulty,tags,problem_url,leetcode_id,deleted AS isDeleted,is_premium,created_at,updated_at FROM problems WHERE id=? AND deleted=0
==> Parameters: 7(Long)
<==    Columns: id, title, difficulty, tags, problem_url, leetcode_id, isDeleted, is_premium, created_at, updated_at
<==        Row: 7, , MEDIUM, <<BLOB>>, https://leetcode.cn/problems/maximum-subarray, 53, 0, 0, 2025-08-31 08:18:13, 2025-08-31 08:18:13
<==      Total: 1
2025-09-02 13:58:07.249 [1cc35faa01eb424095ca7592a13a2e69]  INFO 295977 --- [nio-8080-exec-3] c.codetop.logging.SqlLoggingInterceptor  : SQL executed successfully: sqlId=com.codetop.mapper.ProblemMapper.selectById, type=SELECT, duration=3ms, affectedRows=1
2025-09-02 13:58:07.250 [1cc35faa01eb424095ca7592a13a2e69] DEBUG 295977 --- [nio-8080-exec-3] c.codetop.logging.SqlLoggingInterceptor  : SQL with parameters: sqlId=com.codetop.mapper.ProblemMapper.selectById, sql=SELECT id,title,difficulty,tags,problem_url,leetcode_id,deleted AS isDeleted,is_premium,created_at,updated_at FROM problems WHERE id=7 AND deleted=0
Releasing transactional SqlSession [org.apache.ibatis.session.defaults.DefaultSqlSession@ecf63b5]
Fetched SqlSession [org.apache.ibatis.session.defaults.DefaultSqlSession@ecf63b5] from current transaction
2025-09-02 13:58:07.251 [1cc35faa01eb424095ca7592a13a2e69] DEBUG 295977 --- [nio-8080-exec-3] c.codetop.logging.SqlLoggingInterceptor  : SQL execution started: sqlId=com.codetop.mapper.ProblemMapper.selectById, type=SELECT, sql=SELECT id,title,difficulty,tags,problem_url,leetcode_id,deleted AS isDeleted,is_premium,created_at,updated_at FROM problems WHERE id=? AND deleted=0
2025-09-02 13:58:07.251 [1cc35faa01eb424095ca7592a13a2e69] DEBUG 295977 --- [nio-8080-exec-3] c.c.c.CustomIllegalSQLInnerInterceptor   : Allowed non-OR query: SELECT id,title,difficulty,tags,problem_url,leetcode_id,deleted AS isDeleted,is_premium,created_at,updated_at FROM problems WHERE id=? AND deleted=0
==>  Preparing: SELECT id,title,difficulty,tags,problem_url,leetcode_id,deleted AS isDeleted,is_premium,created_at,updated_at FROM problems WHERE id=? AND deleted=0
==> Parameters: 8(Long)
<==    Columns: id, title, difficulty, tags, problem_url, leetcode_id, isDeleted, is_premium, created_at, updated_at
<==        Row: 8, , MEDIUM, <<BLOB>>, https://leetcode.cn/problems/sort-an-array, 99990004, 0, 0, 2025-08-31 08:18:13, 2025-08-31 08:18:13
<==      Total: 1
2025-09-02 13:58:07.255 [1cc35faa01eb424095ca7592a13a2e69]  INFO 295977 --- [nio-8080-exec-3] c.codetop.logging.SqlLoggingInterceptor  : SQL executed successfully: sqlId=com.codetop.mapper.ProblemMapper.selectById, type=SELECT, duration=4ms, affectedRows=1
2025-09-02 13:58:07.255 [1cc35faa01eb424095ca7592a13a2e69] DEBUG 295977 --- [nio-8080-exec-3] c.codetop.logging.SqlLoggingInterceptor  : SQL with parameters: sqlId=com.codetop.mapper.ProblemMapper.selectById, sql=SELECT id,title,difficulty,tags,problem_url,leetcode_id,deleted AS isDeleted,is_premium,created_at,updated_at FROM problems WHERE id=8 AND deleted=0
Releasing transactional SqlSession [org.apache.ibatis.session.defaults.DefaultSqlSession@ecf63b5]
Fetched SqlSession [org.apache.ibatis.session.defaults.DefaultSqlSession@ecf63b5] from current transaction
2025-09-02 13:58:07.256 [1cc35faa01eb424095ca7592a13a2e69] DEBUG 295977 --- [nio-8080-exec-3] c.codetop.logging.SqlLoggingInterceptor  : SQL execution started: sqlId=com.codetop.mapper.ProblemMapper.selectById, type=SELECT, sql=SELECT id,title,difficulty,tags,problem_url,leetcode_id,deleted AS isDeleted,is_premium,created_at,updated_at FROM problems WHERE id=? AND deleted=0
2025-09-02 13:58:07.256 [1cc35faa01eb424095ca7592a13a2e69] DEBUG 295977 --- [nio-8080-exec-3] c.c.c.CustomIllegalSQLInnerInterceptor   : Allowed non-OR query: SELECT id,title,difficulty,tags,problem_url,leetcode_id,deleted AS isDeleted,is_premium,created_at,updated_at FROM problems WHERE id=? AND deleted=0
==>  Preparing: SELECT id,title,difficulty,tags,problem_url,leetcode_id,deleted AS isDeleted,is_premium,created_at,updated_at FROM problems WHERE id=? AND deleted=0
==> Parameters: 9(Long)
<==    Columns: id, title, difficulty, tags, problem_url, leetcode_id, isDeleted, is_premium, created_at, updated_at
<==        Row: 9, , EASY, <<BLOB>>, https://leetcode.cn/problems/merge-two-sorted-lists, 21, 0, 0, 2025-08-31 08:18:13, 2025-08-31 08:18:13
<==      Total: 1
2025-09-02 13:58:07.260 [1cc35faa01eb424095ca7592a13a2e69]  INFO 295977 --- [nio-8080-exec-3] c.codetop.logging.SqlLoggingInterceptor  : SQL executed successfully: sqlId=com.codetop.mapper.ProblemMapper.selectById, type=SELECT, duration=4ms, affectedRows=1
2025-09-02 13:58:07.260 [1cc35faa01eb424095ca7592a13a2e69] DEBUG 295977 --- [nio-8080-exec-3] c.codetop.logging.SqlLoggingInterceptor  : SQL with parameters: sqlId=com.codetop.mapper.ProblemMapper.selectById, sql=SELECT id,title,difficulty,tags,problem_url,leetcode_id,deleted AS isDeleted,is_premium,created_at,updated_at FROM problems WHERE id=9 AND deleted=0
Releasing transactional SqlSession [org.apache.ibatis.session.defaults.DefaultSqlSession@ecf63b5]
Fetched SqlSession [org.apache.ibatis.session.defaults.DefaultSqlSession@ecf63b5] from current transaction
2025-09-02 13:58:07.261 [1cc35faa01eb424095ca7592a13a2e69] DEBUG 295977 --- [nio-8080-exec-3] c.codetop.logging.SqlLoggingInterceptor  : SQL execution started: sqlId=com.codetop.mapper.ProblemMapper.selectById, type=SELECT, sql=SELECT id,title,difficulty,tags,problem_url,leetcode_id,deleted AS isDeleted,is_premium,created_at,updated_at FROM problems WHERE id=? AND deleted=0
2025-09-02 13:58:07.261 [1cc35faa01eb424095ca7592a13a2e69] DEBUG 295977 --- [nio-8080-exec-3] c.c.c.CustomIllegalSQLInnerInterceptor   : Allowed non-OR query: SELECT id,title,difficulty,tags,problem_url,leetcode_id,deleted AS isDeleted,is_premium,created_at,updated_at FROM problems WHERE id=? AND deleted=0
==>  Preparing: SELECT id,title,difficulty,tags,problem_url,leetcode_id,deleted AS isDeleted,is_premium,created_at,updated_at FROM problems WHERE id=? AND deleted=0
==> Parameters: 10(Long)
<==    Columns: id, title, difficulty, tags, problem_url, leetcode_id, isDeleted, is_premium, created_at, updated_at
<==        Row: 10, , MEDIUM, <<BLOB>>, https://leetcode.cn/problems/longest-palindromic-substring, 5, 0, 0, 2025-08-31 08:18:13, 2025-08-31 08:18:13
<==      Total: 1
2025-09-02 13:58:07.266 [1cc35faa01eb424095ca7592a13a2e69]  INFO 295977 --- [nio-8080-exec-3] c.codetop.logging.SqlLoggingInterceptor  : SQL executed successfully: sqlId=com.codetop.mapper.ProblemMapper.selectById, type=SELECT, duration=5ms, affectedRows=1
2025-09-02 13:58:07.267 [1cc35faa01eb424095ca7592a13a2e69] DEBUG 295977 --- [nio-8080-exec-3] c.codetop.logging.SqlLoggingInterceptor  : SQL with parameters: sqlId=com.codetop.mapper.ProblemMapper.selectById, sql=SELECT id,title,difficulty,tags,problem_url,leetcode_id,deleted AS isDeleted,is_premium,created_at,updated_at FROM problems WHERE id=10 AND deleted=0
Releasing transactional SqlSession [org.apache.ibatis.session.defaults.DefaultSqlSession@ecf63b5]
Fetched SqlSession [org.apache.ibatis.session.defaults.DefaultSqlSession@ecf63b5] from current transaction
2025-09-02 13:58:07.267 [1cc35faa01eb424095ca7592a13a2e69] DEBUG 295977 --- [nio-8080-exec-3] c.codetop.logging.SqlLoggingInterceptor  : SQL execution started: sqlId=com.codetop.mapper.ProblemMapper.selectById, type=SELECT, sql=SELECT id,title,difficulty,tags,problem_url,leetcode_id,deleted AS isDeleted,is_premium,created_at,updated_at FROM problems WHERE id=? AND deleted=0
2025-09-02 13:58:07.268 [1cc35faa01eb424095ca7592a13a2e69] DEBUG 295977 --- [nio-8080-exec-3] c.c.c.CustomIllegalSQLInnerInterceptor   : Allowed non-OR query: SELECT id,title,difficulty,tags,problem_url,leetcode_id,deleted AS isDeleted,is_premium,created_at,updated_at FROM problems WHERE id=? AND deleted=0
==>  Preparing: SELECT id,title,difficulty,tags,problem_url,leetcode_id,deleted AS isDeleted,is_premium,created_at,updated_at FROM problems WHERE id=? AND deleted=0
==> Parameters: 11(Long)
<==    Columns: id, title, difficulty, tags, problem_url, leetcode_id, isDeleted, is_premium, created_at, updated_at
<==        Row: 11, , EASY, <<BLOB>>, https://leetcode.cn/problems/two-sum, 1, 0, 0, 2025-08-31 08:18:13, 2025-08-31 08:18:13
<==      Total: 1
2025-09-02 13:58:07.272 [1cc35faa01eb424095ca7592a13a2e69]  INFO 295977 --- [nio-8080-exec-3] c.codetop.logging.SqlLoggingInterceptor  : SQL executed successfully: sqlId=com.codetop.mapper.ProblemMapper.selectById, type=SELECT, duration=5ms, affectedRows=1
2025-09-02 13:58:07.272 [1cc35faa01eb424095ca7592a13a2e69] DEBUG 295977 --- [nio-8080-exec-3] c.codetop.logging.SqlLoggingInterceptor  : SQL with parameters: sqlId=com.codetop.mapper.ProblemMapper.selectById, sql=SELECT id,title,difficulty,tags,problem_url,leetcode_id,deleted AS isDeleted,is_premium,created_at,updated_at FROM problems WHERE id=11 AND deleted=0
Releasing transactional SqlSession [org.apache.ibatis.session.defaults.DefaultSqlSession@ecf63b5]
Fetched SqlSession [org.apache.ibatis.session.defaults.DefaultSqlSession@ecf63b5] from current transaction
2025-09-02 13:58:07.273 [1cc35faa01eb424095ca7592a13a2e69] DEBUG 295977 --- [nio-8080-exec-3] c.codetop.logging.SqlLoggingInterceptor  : SQL execution started: sqlId=com.codetop.mapper.ProblemMapper.selectById, type=SELECT, sql=SELECT id,title,difficulty,tags,problem_url,leetcode_id,deleted AS isDeleted,is_premium,created_at,updated_at FROM problems WHERE id=? AND deleted=0
2025-09-02 13:58:07.274 [1cc35faa01eb424095ca7592a13a2e69] DEBUG 295977 --- [nio-8080-exec-3] c.c.c.CustomIllegalSQLInnerInterceptor   : Allowed non-OR query: SELECT id,title,difficulty,tags,problem_url,leetcode_id,deleted AS isDeleted,is_premium,created_at,updated_at FROM problems WHERE id=? AND deleted=0
==>  Preparing: SELECT id,title,difficulty,tags,problem_url,leetcode_id,deleted AS isDeleted,is_premium,created_at,updated_at FROM problems WHERE id=? AND deleted=0
==> Parameters: 12(Long)
<==    Columns: id, title, difficulty, tags, problem_url, leetcode_id, isDeleted, is_premium, created_at, updated_at
<==        Row: 12, , MEDIUM, <<BLOB>>, https://leetcode.cn/problems/binary-tree-level-order-traversal, 102, 0, 0, 2025-08-31 08:18:13, 2025-08-31 08:18:13
<==      Total: 1
2025-09-02 13:58:07.277 [1cc35faa01eb424095ca7592a13a2e69]  INFO 295977 --- [nio-8080-exec-3] c.codetop.logging.SqlLoggingInterceptor  : SQL executed successfully: sqlId=com.codetop.mapper.ProblemMapper.selectById, type=SELECT, duration=4ms, affectedRows=1
2025-09-02 13:58:07.277 [1cc35faa01eb424095ca7592a13a2e69] DEBUG 295977 --- [nio-8080-exec-3] c.codetop.logging.SqlLoggingInterceptor  : SQL with parameters: sqlId=com.codetop.mapper.ProblemMapper.selectById, sql=SELECT id,title,difficulty,tags,problem_url,leetcode_id,deleted AS isDeleted,is_premium,created_at,updated_at FROM problems WHERE id=12 AND deleted=0
Releasing transactional SqlSession [org.apache.ibatis.session.defaults.DefaultSqlSession@ecf63b5]
Fetched SqlSession [org.apache.ibatis.session.defaults.DefaultSqlSession@ecf63b5] from current transaction
2025-09-02 13:58:07.278 [1cc35faa01eb424095ca7592a13a2e69] DEBUG 295977 --- [nio-8080-exec-3] c.codetop.logging.SqlLoggingInterceptor  : SQL execution started: sqlId=com.codetop.mapper.ProblemMapper.selectById, type=SELECT, sql=SELECT id,title,difficulty,tags,problem_url,leetcode_id,deleted AS isDeleted,is_premium,created_at,updated_at FROM problems WHERE id=? AND deleted=0
2025-09-02 13:58:07.278 [1cc35faa01eb424095ca7592a13a2e69] DEBUG 295977 --- [nio-8080-exec-3] c.c.c.CustomIllegalSQLInnerInterceptor   : Allowed non-OR query: SELECT id,title,difficulty,tags,problem_url,leetcode_id,deleted AS isDeleted,is_premium,created_at,updated_at FROM problems WHERE id=? AND deleted=0
==>  Preparing: SELECT id,title,difficulty,tags,problem_url,leetcode_id,deleted AS isDeleted,is_premium,created_at,updated_at FROM problems WHERE id=? AND deleted=0
==> Parameters: 13(Long)
<==    Columns: id, title, difficulty, tags, problem_url, leetcode_id, isDeleted, is_premium, created_at, updated_at
<==        Row: 13, , MEDIUM, <<BLOB>>, https://leetcode.cn/problems/search-in-rotated-sorted-array, 33, 0, 0, 2025-08-31 08:18:13, 2025-08-31 08:18:13
<==      Total: 1
2025-09-02 13:58:07.281 [1cc35faa01eb424095ca7592a13a2e69]  INFO 295977 --- [nio-8080-exec-3] c.codetop.logging.SqlLoggingInterceptor  : SQL executed successfully: sqlId=com.codetop.mapper.ProblemMapper.selectById, type=SELECT, duration=3ms, affectedRows=1
2025-09-02 13:58:07.282 [1cc35faa01eb424095ca7592a13a2e69] DEBUG 295977 --- [nio-8080-exec-3] c.codetop.logging.SqlLoggingInterceptor  : SQL with parameters: sqlId=com.codetop.mapper.ProblemMapper.selectById, sql=SELECT id,title,difficulty,tags,problem_url,leetcode_id,deleted AS isDeleted,is_premium,created_at,updated_at FROM problems WHERE id=13 AND deleted=0
Releasing transactional SqlSession [org.apache.ibatis.session.defaults.DefaultSqlSession@ecf63b5]
Fetched SqlSession [org.apache.ibatis.session.defaults.DefaultSqlSession@ecf63b5] from current transaction
2025-09-02 13:58:07.282 [1cc35faa01eb424095ca7592a13a2e69] DEBUG 295977 --- [nio-8080-exec-3] c.codetop.logging.SqlLoggingInterceptor  : SQL execution started: sqlId=com.codetop.mapper.ProblemMapper.selectById, type=SELECT, sql=SELECT id,title,difficulty,tags,problem_url,leetcode_id,deleted AS isDeleted,is_premium,created_at,updated_at FROM problems WHERE id=? AND deleted=0
2025-09-02 13:58:07.283 [1cc35faa01eb424095ca7592a13a2e69] DEBUG 295977 --- [nio-8080-exec-3] c.c.c.CustomIllegalSQLInnerInterceptor   : Allowed non-OR query: SELECT id,title,difficulty,tags,problem_url,leetcode_id,deleted AS isDeleted,is_premium,created_at,updated_at FROM problems WHERE id=? AND deleted=0
==>  Preparing: SELECT id,title,difficulty,tags,problem_url,leetcode_id,deleted AS isDeleted,is_premium,created_at,updated_at FROM problems WHERE id=? AND deleted=0
==> Parameters: 14(Long)
<==    Columns: id, title, difficulty, tags, problem_url, leetcode_id, isDeleted, is_premium, created_at, updated_at
<==        Row: 14, , MEDIUM, <<BLOB>>, https://leetcode.cn/problems/number-of-islands, 200, 0, 0, 2025-08-31 08:18:13, 2025-08-31 08:18:13
<==      Total: 1
2025-09-02 13:58:07.288 [1cc35faa01eb424095ca7592a13a2e69]  INFO 295977 --- [nio-8080-exec-3] c.codetop.logging.SqlLoggingInterceptor  : SQL executed successfully: sqlId=com.codetop.mapper.ProblemMapper.selectById, type=SELECT, duration=6ms, affectedRows=1
2025-09-02 13:58:07.289 [1cc35faa01eb424095ca7592a13a2e69] DEBUG 295977 --- [nio-8080-exec-3] c.codetop.logging.SqlLoggingInterceptor  : SQL with parameters: sqlId=com.codetop.mapper.ProblemMapper.selectById, sql=SELECT id,title,difficulty,tags,problem_url,leetcode_id,deleted AS isDeleted,is_premium,created_at,updated_at FROM problems WHERE id=14 AND deleted=0
Releasing transactional SqlSession [org.apache.ibatis.session.defaults.DefaultSqlSession@ecf63b5]
Fetched SqlSession [org.apache.ibatis.session.defaults.DefaultSqlSession@ecf63b5] from current transaction
2025-09-02 13:58:07.290 [1cc35faa01eb424095ca7592a13a2e69] DEBUG 295977 --- [nio-8080-exec-3] c.codetop.logging.SqlLoggingInterceptor  : SQL execution started: sqlId=com.codetop.mapper.ProblemMapper.selectById, type=SELECT, sql=SELECT id,title,difficulty,tags,problem_url,leetcode_id,deleted AS isDeleted,is_premium,created_at,updated_at FROM problems WHERE id=? AND deleted=0
2025-09-02 13:58:07.291 [1cc35faa01eb424095ca7592a13a2e69] DEBUG 295977 --- [nio-8080-exec-3] c.c.c.CustomIllegalSQLInnerInterceptor   : Allowed non-OR query: SELECT id,title,difficulty,tags,problem_url,leetcode_id,deleted AS isDeleted,is_premium,created_at,updated_at FROM problems WHERE id=? AND deleted=0
==>  Preparing: SELECT id,title,difficulty,tags,problem_url,leetcode_id,deleted AS isDeleted,is_premium,created_at,updated_at FROM problems WHERE id=? AND deleted=0
==> Parameters: 15(Long)
<==    Columns: id, title, difficulty, tags, problem_url, leetcode_id, isDeleted, is_premium, created_at, updated_at
<==        Row: 15, , MEDIUM, <<BLOB>>, https://leetcode.cn/problems/permutations, 46, 0, 0, 2025-08-31 08:18:13, 2025-08-31 08:18:13
<==      Total: 1
2025-09-02 13:58:07.295 [1cc35faa01eb424095ca7592a13a2e69]  INFO 295977 --- [nio-8080-exec-3] c.codetop.logging.SqlLoggingInterceptor  : SQL executed successfully: sqlId=com.codetop.mapper.ProblemMapper.selectById, type=SELECT, duration=5ms, affectedRows=1
2025-09-02 13:58:07.296 [1cc35faa01eb424095ca7592a13a2e69] DEBUG 295977 --- [nio-8080-exec-3] c.codetop.logging.SqlLoggingInterceptor  : SQL with parameters: sqlId=com.codetop.mapper.ProblemMapper.selectById, sql=SELECT id,title,difficulty,tags,problem_url,leetcode_id,deleted AS isDeleted,is_premium,created_at,updated_at FROM problems WHERE id=15 AND deleted=0
Releasing transactional SqlSession [org.apache.ibatis.session.defaults.DefaultSqlSession@ecf63b5]
Fetched SqlSession [org.apache.ibatis.session.defaults.DefaultSqlSession@ecf63b5] from current transaction
2025-09-02 13:58:07.298 [1cc35faa01eb424095ca7592a13a2e69] DEBUG 295977 --- [nio-8080-exec-3] c.codetop.logging.SqlLoggingInterceptor  : SQL execution started: sqlId=com.codetop.mapper.ProblemMapper.selectById, type=SELECT, sql=SELECT id,title,difficulty,tags,problem_url,leetcode_id,deleted AS isDeleted,is_premium,created_at,updated_at FROM problems WHERE id=? AND deleted=0
2025-09-02 13:58:07.298 [1cc35faa01eb424095ca7592a13a2e69] DEBUG 295977 --- [nio-8080-exec-3] c.c.c.CustomIllegalSQLInnerInterceptor   : Allowed non-OR query: SELECT id,title,difficulty,tags,problem_url,leetcode_id,deleted AS isDeleted,is_premium,created_at,updated_at FROM problems WHERE id=? AND deleted=0
==>  Preparing: SELECT id,title,difficulty,tags,problem_url,leetcode_id,deleted AS isDeleted,is_premium,created_at,updated_at FROM problems WHERE id=? AND deleted=0
==> Parameters: 16(Long)
<==    Columns: id, title, difficulty, tags, problem_url, leetcode_id, isDeleted, is_premium, created_at, updated_at
<==        Row: 16, , EASY, <<BLOB>>, https://leetcode.cn/problems/merge-sorted-array, 88, 0, 0, 2025-08-31 08:18:13, 2025-08-31 08:18:13
<==      Total: 1
2025-09-02 13:58:07.303 [1cc35faa01eb424095ca7592a13a2e69]  INFO 295977 --- [nio-8080-exec-3] c.codetop.logging.SqlLoggingInterceptor  : SQL executed successfully: sqlId=com.codetop.mapper.ProblemMapper.selectById, type=SELECT, duration=5ms, affectedRows=1
2025-09-02 13:58:07.303 [1cc35faa01eb424095ca7592a13a2e69] DEBUG 295977 --- [nio-8080-exec-3] c.codetop.logging.SqlLoggingInterceptor  : SQL with parameters: sqlId=com.codetop.mapper.ProblemMapper.selectById, sql=SELECT id,title,difficulty,tags,problem_url,leetcode_id,deleted AS isDeleted,is_premium,created_at,updated_at FROM problems WHERE id=16 AND deleted=0
Releasing transactional SqlSession [org.apache.ibatis.session.defaults.DefaultSqlSession@ecf63b5]
Fetched SqlSession [org.apache.ibatis.session.defaults.DefaultSqlSession@ecf63b5] from current transaction
2025-09-02 13:58:07.304 [1cc35faa01eb424095ca7592a13a2e69] DEBUG 295977 --- [nio-8080-exec-3] c.codetop.logging.SqlLoggingInterceptor  : SQL execution started: sqlId=com.codetop.mapper.ProblemMapper.selectById, type=SELECT, sql=SELECT id,title,difficulty,tags,problem_url,leetcode_id,deleted AS isDeleted,is_premium,created_at,updated_at FROM problems WHERE id=? AND deleted=0
2025-09-02 13:58:07.305 [1cc35faa01eb424095ca7592a13a2e69] DEBUG 295977 --- [nio-8080-exec-3] c.c.c.CustomIllegalSQLInnerInterceptor   : Allowed non-OR query: SELECT id,title,difficulty,tags,problem_url,leetcode_id,deleted AS isDeleted,is_premium,created_at,updated_at FROM problems WHERE id=? AND deleted=0
==>  Preparing: SELECT id,title,difficulty,tags,problem_url,leetcode_id,deleted AS isDeleted,is_premium,created_at,updated_at FROM problems WHERE id=? AND deleted=0
==> Parameters: 17(Long)
<==    Columns: id, title, difficulty, tags, problem_url, leetcode_id, isDeleted, is_premium, created_at, updated_at
<==        Row: 17, , EASY, <<BLOB>>, https://leetcode.cn/problems/valid-parentheses, 20, 0, 0, 2025-08-31 08:18:13, 2025-08-31 08:18:13
<==      Total: 1
2025-09-02 13:58:07.308 [1cc35faa01eb424095ca7592a13a2e69]  INFO 295977 --- [nio-8080-exec-3] c.codetop.logging.SqlLoggingInterceptor  : SQL executed successfully: sqlId=com.codetop.mapper.ProblemMapper.selectById, type=SELECT, duration=4ms, affectedRows=1
2025-09-02 13:58:07.308 [1cc35faa01eb424095ca7592a13a2e69] DEBUG 295977 --- [nio-8080-exec-3] c.codetop.logging.SqlLoggingInterceptor  : SQL with parameters: sqlId=com.codetop.mapper.ProblemMapper.selectById, sql=SELECT id,title,difficulty,tags,problem_url,leetcode_id,deleted AS isDeleted,is_premium,created_at,updated_at FROM problems WHERE id=17 AND deleted=0
Releasing transactional SqlSession [org.apache.ibatis.session.defaults.DefaultSqlSession@ecf63b5]
Fetched SqlSession [org.apache.ibatis.session.defaults.DefaultSqlSession@ecf63b5] from current transaction
2025-09-02 13:58:07.309 [1cc35faa01eb424095ca7592a13a2e69] DEBUG 295977 --- [nio-8080-exec-3] c.codetop.logging.SqlLoggingInterceptor  : SQL execution started: sqlId=com.codetop.mapper.ProblemMapper.selectById, type=SELECT, sql=SELECT id,title,difficulty,tags,problem_url,leetcode_id,deleted AS isDeleted,is_premium,created_at,updated_at FROM problems WHERE id=? AND deleted=0
2025-09-02 13:58:07.310 [1cc35faa01eb424095ca7592a13a2e69] DEBUG 295977 --- [nio-8080-exec-3] c.c.c.CustomIllegalSQLInnerInterceptor   : Allowed non-OR query: SELECT id,title,difficulty,tags,problem_url,leetcode_id,deleted AS isDeleted,is_premium,created_at,updated_at FROM problems WHERE id=? AND deleted=0
==>  Preparing: SELECT id,title,difficulty,tags,problem_url,leetcode_id,deleted AS isDeleted,is_premium,created_at,updated_at FROM problems WHERE id=? AND deleted=0
==> Parameters: 18(Long)
<==    Columns: id, title, difficulty, tags, problem_url, leetcode_id, isDeleted, is_premium, created_at, updated_at
<==        Row: 18, , EASY, <<BLOB>>, https://leetcode.cn/problems/best-time-to-buy-and-sell-stock, 121, 0, 0, 2025-08-31 08:18:13, 2025-08-31 08:18:13
<==      Total: 1
2025-09-02 13:58:07.313 [1cc35faa01eb424095ca7592a13a2e69]  INFO 295977 --- [nio-8080-exec-3] c.codetop.logging.SqlLoggingInterceptor  : SQL executed successfully: sqlId=com.codetop.mapper.ProblemMapper.selectById, type=SELECT, duration=4ms, affectedRows=1
2025-09-02 13:58:07.313 [1cc35faa01eb424095ca7592a13a2e69] DEBUG 295977 --- [nio-8080-exec-3] c.codetop.logging.SqlLoggingInterceptor  : SQL with parameters: sqlId=com.codetop.mapper.ProblemMapper.selectById, sql=SELECT id,title,difficulty,tags,problem_url,leetcode_id,deleted AS isDeleted,is_premium,created_at,updated_at FROM problems WHERE id=18 AND deleted=0
Releasing transactional SqlSession [org.apache.ibatis.session.defaults.DefaultSqlSession@ecf63b5]
Fetched SqlSession [org.apache.ibatis.session.defaults.DefaultSqlSession@ecf63b5] from current transaction
2025-09-02 13:58:07.314 [1cc35faa01eb424095ca7592a13a2e69] DEBUG 295977 --- [nio-8080-exec-3] c.codetop.logging.SqlLoggingInterceptor  : SQL execution started: sqlId=com.codetop.mapper.ProblemMapper.selectById, type=SELECT, sql=SELECT id,title,difficulty,tags,problem_url,leetcode_id,deleted AS isDeleted,is_premium,created_at,updated_at FROM problems WHERE id=? AND deleted=0
2025-09-02 13:58:07.315 [1cc35faa01eb424095ca7592a13a2e69] DEBUG 295977 --- [nio-8080-exec-3] c.c.c.CustomIllegalSQLInnerInterceptor   : Allowed non-OR query: SELECT id,title,difficulty,tags,problem_url,leetcode_id,deleted AS isDeleted,is_premium,created_at,updated_at FROM problems WHERE id=? AND deleted=0
==>  Preparing: SELECT id,title,difficulty,tags,problem_url,leetcode_id,deleted AS isDeleted,is_premium,created_at,updated_at FROM problems WHERE id=? AND deleted=0
==> Parameters: 19(Long)
<==    Columns: id, title, difficulty, tags, problem_url, leetcode_id, isDeleted, is_premium, created_at, updated_at
<==        Row: 19, , MEDIUM, <<BLOB>>, https://leetcode.cn/problems/binary-tree-zigzag-level-order-traversal, 103, 0, 0, 2025-08-31 08:18:13, 2025-08-31 08:18:13
<==      Total: 1
2025-09-02 13:58:07.318 [1cc35faa01eb424095ca7592a13a2e69]  INFO 295977 --- [nio-8080-exec-3] c.codetop.logging.SqlLoggingInterceptor  : SQL executed successfully: sqlId=com.codetop.mapper.ProblemMapper.selectById, type=SELECT, duration=4ms, affectedRows=1
2025-09-02 13:58:07.318 [1cc35faa01eb424095ca7592a13a2e69] DEBUG 295977 --- [nio-8080-exec-3] c.codetop.logging.SqlLoggingInterceptor  : SQL with parameters: sqlId=com.codetop.mapper.ProblemMapper.selectById, sql=SELECT id,title,difficulty,tags,problem_url,leetcode_id,deleted AS isDeleted,is_premium,created_at,updated_at FROM problems WHERE id=19 AND deleted=0
Releasing transactional SqlSession [org.apache.ibatis.session.defaults.DefaultSqlSession@ecf63b5]
Fetched SqlSession [org.apache.ibatis.session.defaults.DefaultSqlSession@ecf63b5] from current transaction
2025-09-02 13:58:07.319 [1cc35faa01eb424095ca7592a13a2e69] DEBUG 295977 --- [nio-8080-exec-3] c.codetop.logging.SqlLoggingInterceptor  : SQL execution started: sqlId=com.codetop.mapper.ProblemMapper.selectById, type=SELECT, sql=SELECT id,title,difficulty,tags,problem_url,leetcode_id,deleted AS isDeleted,is_premium,created_at,updated_at FROM problems WHERE id=? AND deleted=0
2025-09-02 13:58:07.319 [1cc35faa01eb424095ca7592a13a2e69] DEBUG 295977 --- [nio-8080-exec-3] c.c.c.CustomIllegalSQLInnerInterceptor   : Allowed non-OR query: SELECT id,title,difficulty,tags,problem_url,leetcode_id,deleted AS isDeleted,is_premium,created_at,updated_at FROM problems WHERE id=? AND deleted=0
==>  Preparing: SELECT id,title,difficulty,tags,problem_url,leetcode_id,deleted AS isDeleted,is_premium,created_at,updated_at FROM problems WHERE id=? AND deleted=0
==> Parameters: 20(Long)
<==    Columns: id, title, difficulty, tags, problem_url, leetcode_id, isDeleted, is_premium, created_at, updated_at
<==        Row: 20, , MEDIUM, <<BLOB>>, https://leetcode.cn/problems/lowest-common-ancestor-of-a-binary-tree, 236, 0, 0, 2025-08-31 08:18:13, 2025-08-31 08:18:13
<==      Total: 1
2025-09-02 13:58:07.323 [1cc35faa01eb424095ca7592a13a2e69]  INFO 295977 --- [nio-8080-exec-3] c.codetop.logging.SqlLoggingInterceptor  : SQL executed successfully: sqlId=com.codetop.mapper.ProblemMapper.selectById, type=SELECT, duration=4ms, affectedRows=1
2025-09-02 13:58:07.324 [1cc35faa01eb424095ca7592a13a2e69] DEBUG 295977 --- [nio-8080-exec-3] c.codetop.logging.SqlLoggingInterceptor  : SQL with parameters: sqlId=com.codetop.mapper.ProblemMapper.selectById, sql=SELECT id,title,difficulty,tags,problem_url,leetcode_id,deleted AS isDeleted,is_premium,created_at,updated_at FROM problems WHERE id=20 AND deleted=0
Releasing transactional SqlSession [org.apache.ibatis.session.defaults.DefaultSqlSession@ecf63b5]
2025-09-02 13:58:07.334 [1cc35faa01eb424095ca7592a13a2e69]  INFO 295977 --- [nio-8080-exec-3] c.codetop.service.CodeTopFilterService   : Global problems query completed: found 20 problems
2025-09-02 13:58:07.364 [1cc35faa01eb424095ca7592a13a2e69] DEBUG 295977 --- [nio-8080-exec-3] c.c.config.UniversalJsonRedisSerializer  : Serializing object: CodeTopFilterResponse -> JSON length: 21490
Transaction synchronization committing SqlSession [org.apache.ibatis.session.defaults.DefaultSqlSession@ecf63b5]
Transaction synchronization deregistering SqlSession [org.apache.ibatis.session.defaults.DefaultSqlSession@ecf63b5]
Transaction synchronization closing SqlSession [org.apache.ibatis.session.defaults.DefaultSqlSession@ecf63b5]
2025-09-02 13:58:07.373 [1cc35faa01eb424095ca7592a13a2e69]  INFO 295977 --- [nio-8080-exec-3] c.c.logging.ControllerLoggingAspect      : Controller request completed: class=CodeTopFilterController, method=CodeTopFilterController.getGlobalProblems(..), httpStatus=200 OK, duration=1062ms, success=true
2025-09-02 13:58:07.383 [1cc35faa01eb424095ca7592a13a2e69] DEBUG 295977 --- [nio-8080-exec-3] c.c.logging.ControllerLoggingAspect      : Controller response body: class=CodeTopFilterController, method=CodeTopFilterController.getGlobalProblems(..), response={"problems":[{"problemId":1,"title":"","difficulty":"MEDIUM","problemUrl":"https://leetcode.cn/problems/longest-substring-without-repeating-characters","leetcodeId":"3","mastery":null,"status":null,"notes":null,"lastAttemptDate":null,"lastConsideredDate":null,"attemptCount":null,"accuracy":null,"frequencyScore":976.00,"interviewCount":200,"frequencyRank":1,"percentile":100.00,"lastAskedDate":"2025-08-26","trend":"STABLE","recencyScore":1.0,"isHotProblem":true,"isTrending":false,"isTopP...
2025-09-02 13:58:07.385 [1cc35faa01eb424095ca7592a13a2e69] DEBUG 295977 --- [nio-8080-exec-3] o.s.w.s.m.m.a.HttpEntityMethodProcessor  : Using 'application/json', given [*/*] and supported [application/json, application/*+json]
2025-09-02 13:58:07.395 [1cc35faa01eb424095ca7592a13a2e69] DEBUG 295977 --- [nio-8080-exec-3] o.s.w.s.m.m.a.HttpEntityMethodProcessor  : Writing [CodeTopFilterResponse(problems=[ProblemRankingDTO(problemId=1, title=, difficulty=MEDIUM,  (truncated)...]
2025-09-02 13:58:07.397 [1cc35faa01eb424095ca7592a13a2e69] DEBUG 295977 --- [nio-8080-exec-3] o.s.web.servlet.DispatcherServlet        : Completed 200 OK
2025-09-02 13:58:07.397 [1cc35faa01eb424095ca7592a13a2e69]  INFO 295977 --- [nio-8080-exec-3] com.codetop.access                       : Request completed - GET /api/v1/codetop/problems/global - Status: 200 - Duration: 1105ms - TraceId: 1cc35faa01eb424095ca7592a13a2e69
2025-09-02 13:58:07.398 [1cc35faa01eb424095ca7592a13a2e69] DEBUG 295977 --- [nio-8080-exec-3] com.codetop.logging.RequestTraceFilter   : Request processing completed - Duration: 1105ms - Status: 200 - TraceId: 1cc35faa01eb424095ca7592a13a2e69
2025-09-02 13:58:07.398 [] DEBUG 295977 --- [nio-8080-exec-3] com.codetop.util.UserContext             : Cleared UserContext ThreadLocal
